This is pdfTeX, Version 3.141592653-2.6-1.40.25 (TeX Live 2023/Debian) (preloaded format=pdflatex 2025.2.1)  19 DEC 2025 21:52
entering extended mode
 restricted \write18 enabled.
 %&-line parsing enabled.
**Rd2.tex
(./Rd2.tex
LaTeX2e <2023-11-01> patch level 1
L3 programming layer <2024-01-22>

(/usr/share/texlive/texmf-dist/tex/latex/base/book.cls
Document Class: book 2023/05/17 v1.4n Standard LaTeX document class
(/usr/share/texlive/texmf-dist/tex/latex/base/bk10.clo
File: bk10.clo 2023/05/17 v1.4n Standard LaTeX file (size option)
)
\c@part=\count187
\c@chapter=\count188
\c@section=\count189
\c@subsection=\count190
\c@subsubsection=\count191
\c@paragraph=\count192
\c@subparagraph=\count193
\c@figure=\count194
\c@table=\count195
\abovecaptionskip=\skip48
\belowcaptionskip=\skip49
\bibindent=\dimen140
)
(/usr/share/R/share/texmf/tex/latex/Rd.sty
Package: Rd 

(/usr/share/texlive/texmf-dist/tex/latex/base/ifthen.sty
Package: ifthen 2022/04/13 v1.1d Standard LaTeX ifthen package (DPC)
)
(/usr/share/texlive/texmf-dist/tex/generic/iftex/iftex.sty
Package: iftex 2022/02/03 v1.0f TeX engine tests
)
(/usr/share/texlive/texmf-dist/tex/latex/tools/longtable.sty
Package: longtable 2023-11-01 v4.19 Multi-page Table package (DPC)
\LTleft=\skip50
\LTright=\skip51
\LTpre=\skip52
\LTpost=\skip53
\LTchunksize=\count196
\LTcapwidth=\dimen141
\LT@head=\box51
\LT@firsthead=\box52
\LT@foot=\box53
\LT@lastfoot=\box54
\LT@gbox=\box55
\LT@cols=\count197
\LT@rows=\count198
\c@LT@tables=\count199
\c@LT@chunks=\count266
\LT@p@ftn=\toks17
)
(/usr/share/texlive/texmf-dist/tex/latex/tools/bm.sty
Package: bm 2023/07/08 v1.2f Bold Symbol Support (DPC/FMi)
\symboldoperators=\mathgroup4
\symboldletters=\mathgroup5
\symboldsymbols=\mathgroup6
Package bm Info: No bold for \OMX/cmex/m/n, using \pmb.
LaTeX Font Info:    Redeclaring math alphabet \mathbf on input line 149.
)
(/usr/share/texlive/texmf-dist/tex/latex/base/alltt.sty
Package: alltt 2021/01/29 v2.0g defines alltt environment
)
(/usr/share/texlive/texmf-dist/tex/latex/tools/verbatim.sty
Package: verbatim 2023-11-06 v1.5v LaTeX2e package for verbatim enhancements
\every@verbatim=\toks18
\verbatim@line=\toks19
\verbatim@in@stream=\read2
)
(/usr/share/texlive/texmf-dist/tex/latex/url/url.sty
\Urlmuskip=\muskip16
Package: url 2013/09/16  ver 3.4  Verb mode for urls, etc.
)
(/usr/share/texlive/texmf-dist/tex/latex/base/textcomp.sty
Package: textcomp 2020/02/02 v2.0n Standard LaTeX package
)
(/usr/share/texlive/texmf-dist/tex/latex/amsmath/amsmath.sty
Package: amsmath 2023/05/13 v2.17o AMS math features
\@mathmargin=\skip54

For additional information on amsmath, use the `?' option.
(/usr/share/texlive/texmf-dist/tex/latex/amsmath/amstext.sty
Package: amstext 2021/08/26 v2.01 AMS text

(/usr/share/texlive/texmf-dist/tex/latex/amsmath/amsgen.sty
File: amsgen.sty 1999/11/30 v2.0 generic functions
\@emptytoks=\toks20
\ex@=\dimen142
))
(/usr/share/texlive/texmf-dist/tex/latex/amsmath/amsbsy.sty
Package: amsbsy 1999/11/29 v1.2d Bold Symbols
LaTeX Info: Redefining \boldsymbol on input line 28.
\pmbraise@=\dimen143
)
(/usr/share/texlive/texmf-dist/tex/latex/amsmath/amsopn.sty
Package: amsopn 2022/04/08 v2.04 operator names
)
\inf@bad=\count267
LaTeX Info: Redefining \frac on input line 234.
\uproot@=\count268
\leftroot@=\count269
LaTeX Info: Redefining \overline on input line 399.
LaTeX Info: Redefining \colon on input line 410.
\classnum@=\count270
\DOTSCASE@=\count271
LaTeX Info: Redefining \ldots on input line 496.
LaTeX Info: Redefining \dots on input line 499.
LaTeX Info: Redefining \cdots on input line 620.
\Mathstrutbox@=\box56
\strutbox@=\box57
LaTeX Info: Redefining \big on input line 722.
LaTeX Info: Redefining \Big on input line 723.
LaTeX Info: Redefining \bigg on input line 724.
LaTeX Info: Redefining \Bigg on input line 725.
\big@size=\dimen144
LaTeX Font Info:    Redeclaring font encoding OML on input line 743.
LaTeX Font Info:    Redeclaring font encoding OMS on input line 744.
\macc@depth=\count272
LaTeX Info: Redefining \bmod on input line 905.
LaTeX Info: Redefining \pmod on input line 910.
LaTeX Info: Redefining \smash on input line 940.
LaTeX Info: Redefining \relbar on input line 970.
LaTeX Info: Redefining \Relbar on input line 971.
\c@MaxMatrixCols=\count273
\dotsspace@=\muskip17
\c@parentequation=\count274
\dspbrk@lvl=\count275
\tag@help=\toks21
\row@=\count276
\column@=\count277
\maxfields@=\count278
\andhelp@=\toks22
\eqnshift@=\dimen145
\alignsep@=\dimen146
\tagshift@=\dimen147
\tagwidth@=\dimen148
\totwidth@=\dimen149
\lineht@=\dimen150
\@envbody=\toks23
\multlinegap=\skip55
\multlinetaggap=\skip56
\mathdisplay@stack=\toks24
LaTeX Info: Redefining \[ on input line 2953.
LaTeX Info: Redefining \] on input line 2954.
)
(/usr/share/texlive/texmf-dist/tex/latex/amsfonts/amsfonts.sty
Package: amsfonts 2013/01/14 v3.01 Basic AMSFonts support
\symAMSa=\mathgroup7
\symAMSb=\mathgroup8
LaTeX Font Info:    Redeclaring math symbol \hbar on input line 98.
LaTeX Font Info:    Overwriting math alphabet `\mathfrak' in version `bold'
(Font)                  U/euf/m/n --> U/euf/b/n on input line 106.
)
(/usr/share/texlive/texmf-dist/tex/latex/amsfonts/amssymb.sty
Package: amssymb 2013/01/14 v3.01 AMS font symbols
)
(/usr/share/texlive/texmf-dist/tex/latex/jknapltx/mathrsfs.sty
Package: mathrsfs 1996/01/01 Math RSFS package v1.0 (jk)
\symrsfs=\mathgroup9
)
\ldescriptionwidth=\skip57

(/usr/share/texlive/texmf-dist/tex/latex/base/fontenc.sty
Package: fontenc 2021/04/29 v2.0v Standard LaTeX package
)
(/usr/share/texlive/texmf-dist/tex/latex/psnfss/times.sty
Package: times 2020/03/25 PSNFSS-v9.3 (SPQR) 
)
(/usr/share/texlive/texmf-dist/tex/latex/inconsolata/zi4.sty
Package: zi4 2019/05/17 v1.12

`inconsolata-zi4' v1.12, 2019/05/17 Text macros for Inconsolata (msharpe)
(/usr/share/texlive/texmf-dist/tex/latex/xkeyval/xkeyval.sty
Package: xkeyval 2022/06/16 v2.9 package option processing (HA)

(/usr/share/texlive/texmf-dist/tex/generic/xkeyval/xkeyval.tex
(/usr/share/texlive/texmf-dist/tex/generic/xkeyval/xkvutils.tex
\XKV@toks=\toks25
\XKV@tempa@toks=\toks26

(/usr/share/texlive/texmf-dist/tex/generic/xkeyval/keyval.tex))
\XKV@depth=\count279
File: xkeyval.tex 2014/12/03 v2.7a key=value parser (HA)
))
\zifour@ocount=\count280
)
(/usr/share/texlive/texmf-dist/tex/latex/graphics/color.sty
Package: color 2022/01/06 v1.3d Standard LaTeX Color (DPC)

(/usr/share/texlive/texmf-dist/tex/latex/graphics-cfg/color.cfg
File: color.cfg 2016/01/02 v1.6 sample color configuration
)
Package color Info: Driver file: pdftex.def on input line 149.

(/usr/share/texlive/texmf-dist/tex/latex/graphics-def/pdftex.def
File: pdftex.def 2022/09/22 v1.2b Graphics/color driver for pdftex
)
(/usr/share/texlive/texmf-dist/tex/latex/graphics/mathcolor.ltx))
(/usr/share/texlive/texmf-dist/tex/latex/hyperref/hyperref.sty
Package: hyperref 2024-01-20 v7.01h Hypertext links for LaTeX

(/usr/share/texlive/texmf-dist/tex/latex/kvsetkeys/kvsetkeys.sty
Package: kvsetkeys 2022-10-05 v1.19 Key value parser (HO)
)
(/usr/share/texlive/texmf-dist/tex/generic/kvdefinekeys/kvdefinekeys.sty
Package: kvdefinekeys 2019-12-19 v1.6 Define keys (HO)
)
(/usr/share/texlive/texmf-dist/tex/generic/pdfescape/pdfescape.sty
Package: pdfescape 2019/12/09 v1.15 Implements pdfTeX's escape features (HO)

(/usr/share/texlive/texmf-dist/tex/generic/ltxcmds/ltxcmds.sty
Package: ltxcmds 2023-12-04 v1.26 LaTeX kernel commands for general use (HO)
)
(/usr/share/texlive/texmf-dist/tex/generic/pdftexcmds/pdftexcmds.sty
Package: pdftexcmds 2020-06-27 v0.33 Utility functions of pdfTeX for LuaTeX (HO
)

(/usr/share/texlive/texmf-dist/tex/generic/infwarerr/infwarerr.sty
Package: infwarerr 2019/12/03 v1.5 Providing info/warning/error messages (HO)
)
Package pdftexcmds Info: \pdf@primitive is available.
Package pdftexcmds Info: \pdf@ifprimitive is available.
Package pdftexcmds Info: \pdfdraftmode found.
))
(/usr/share/texlive/texmf-dist/tex/latex/hycolor/hycolor.sty
Package: hycolor 2020-01-27 v1.10 Color options for hyperref/bookmark (HO)
)
(/usr/share/texlive/texmf-dist/tex/latex/auxhook/auxhook.sty
Package: auxhook 2019-12-17 v1.6 Hooks for auxiliary files (HO)
)
(/usr/share/texlive/texmf-dist/tex/latex/hyperref/nameref.sty
Package: nameref 2023-11-26 v2.56 Cross-referencing by name of section

(/usr/share/texlive/texmf-dist/tex/latex/refcount/refcount.sty
Package: refcount 2019/12/15 v3.6 Data extraction from label references (HO)
)
(/usr/share/texlive/texmf-dist/tex/generic/gettitlestring/gettitlestring.sty
Package: gettitlestring 2019/12/15 v1.6 Cleanup title references (HO)

(/usr/share/texlive/texmf-dist/tex/latex/kvoptions/kvoptions.sty
Package: kvoptions 2022-06-15 v3.15 Key value format for package options (HO)
))
\c@section@level=\count281
)
(/usr/share/texlive/texmf-dist/tex/latex/etoolbox/etoolbox.sty
Package: etoolbox 2020/10/05 v2.5k e-TeX tools for LaTeX (JAW)
\etb@tempcnta=\count282
)
\@linkdim=\dimen151
\Hy@linkcounter=\count283
\Hy@pagecounter=\count284

(/usr/share/texlive/texmf-dist/tex/latex/hyperref/pd1enc.def
File: pd1enc.def 2024-01-20 v7.01h Hyperref: PDFDocEncoding definition (HO)
Now handling font encoding PD1 ...
... no UTF-8 mapping file for font encoding PD1
)
(/usr/share/texlive/texmf-dist/tex/generic/intcalc/intcalc.sty
Package: intcalc 2019/12/15 v1.3 Expandable calculations with integers (HO)
)
\Hy@SavedSpaceFactor=\count285

(/usr/share/texlive/texmf-dist/tex/latex/hyperref/puenc.def
File: puenc.def 2024-01-20 v7.01h Hyperref: PDF Unicode definition (HO)
Now handling font encoding PU ...
... no UTF-8 mapping file for font encoding PU
)
Package hyperref Info: Hyper figures OFF on input line 4179.
Package hyperref Info: Link nesting OFF on input line 4184.
Package hyperref Info: Hyper index ON on input line 4187.
Package hyperref Info: Plain pages OFF on input line 4194.
Package hyperref Info: Backreferencing OFF on input line 4199.
Package hyperref Info: Implicit mode ON; LaTeX internals redefined.
Package hyperref Info: Bookmarks ON on input line 4446.
\c@Hy@tempcnt=\count286
LaTeX Info: Redefining \url on input line 4784.
\XeTeXLinkMargin=\dimen152

(/usr/share/texlive/texmf-dist/tex/generic/bitset/bitset.sty
Package: bitset 2019/12/09 v1.3 Handle bit-vector datatype (HO)

(/usr/share/texlive/texmf-dist/tex/generic/bigintcalc/bigintcalc.sty
Package: bigintcalc 2019/12/15 v1.5 Expandable calculations on big integers (HO
)
))
\Fld@menulength=\count287
\Field@Width=\dimen153
\Fld@charsize=\dimen154
Package hyperref Info: Hyper figures OFF on input line 6063.
Package hyperref Info: Link nesting OFF on input line 6068.
Package hyperref Info: Hyper index ON on input line 6071.
Package hyperref Info: backreferencing OFF on input line 6078.
Package hyperref Info: Link coloring OFF on input line 6083.
Package hyperref Info: Link coloring with OCG OFF on input line 6088.
Package hyperref Info: PDF/A mode OFF on input line 6093.

(/usr/share/texlive/texmf-dist/tex/latex/base/atbegshi-ltx.sty
Package: atbegshi-ltx 2021/01/10 v1.0c Emulation of the original atbegshi
package with kernel methods
)
\Hy@abspage=\count288
\c@Item=\count289
\c@Hfootnote=\count290
)
Package hyperref Info: Driver (autodetected): hpdftex.

(/usr/share/texlive/texmf-dist/tex/latex/hyperref/hpdftex.def
File: hpdftex.def 2024-01-20 v7.01h Hyperref driver for pdfTeX

(/usr/share/texlive/texmf-dist/tex/latex/base/atveryend-ltx.sty
Package: atveryend-ltx 2020/08/19 v1.0a Emulation of the original atveryend pac
kage
with kernel methods
)
\Fld@listcount=\count291
\c@bookmark@seq@number=\count292

(/usr/share/texlive/texmf-dist/tex/latex/rerunfilecheck/rerunfilecheck.sty
Package: rerunfilecheck 2022-07-10 v1.10 Rerun checks for auxiliary files (HO)

(/usr/share/texlive/texmf-dist/tex/generic/uniquecounter/uniquecounter.sty
Package: uniquecounter 2019/12/15 v1.4 Provide unlimited unique counter (HO)
)
Package uniquecounter Info: New unique counter `rerunfilecheck' on input line 2
85.
)
\Hy@SectionHShift=\skip58
)
Package hyperref Info: Option `colorlinks' set `true' on input line 413.
Package hyperref Info: Option `linktocpage' set `true' on input line 413.
Package hyperref Info: Option `plainpages' set `false' on input line 413.
)
(/usr/share/texlive/texmf-dist/tex/latex/base/makeidx.sty
Package: makeidx 2021/10/04 v1.0m Standard LaTeX package
)
\@indexfile=\write3
\openout3 = `Rd2.idx'.


Writing index file Rd2.idx
LaTeX Font Info:    Trying to load font information for T1+ptm on input line 8.

(/usr/share/texlive/texmf-dist/tex/latex/psnfss/t1ptm.fd
File: t1ptm.fd 2001/06/04 font definitions for T1/ptm.
)
(/usr/share/texlive/texmf-dist/tex/latex/l3backend/l3backend-pdftex.def
File: l3backend-pdftex.def 2024-01-04 L3 backend support: PDF output (pdfTeX)
\l__color_backend_stack_int=\count293
\l__pdf_internal_box=\box58
)
(./Rd2.aux)
\openout1 = `Rd2.aux'.

LaTeX Font Info:    Checking defaults for OML/cmm/m/it on input line 8.
LaTeX Font Info:    ... okay on input line 8.
LaTeX Font Info:    Checking defaults for OMS/cmsy/m/n on input line 8.
LaTeX Font Info:    ... okay on input line 8.
LaTeX Font Info:    Checking defaults for OT1/cmr/m/n on input line 8.
LaTeX Font Info:    ... okay on input line 8.
LaTeX Font Info:    Checking defaults for T1/cmr/m/n on input line 8.
LaTeX Font Info:    ... okay on input line 8.
LaTeX Font Info:    Checking defaults for TS1/cmr/m/n on input line 8.
LaTeX Font Info:    ... okay on input line 8.
LaTeX Font Info:    Checking defaults for OMX/cmex/m/n on input line 8.
LaTeX Font Info:    ... okay on input line 8.
LaTeX Font Info:    Checking defaults for U/cmr/m/n on input line 8.
LaTeX Font Info:    ... okay on input line 8.
LaTeX Font Info:    Checking defaults for PD1/pdf/m/n on input line 8.
LaTeX Font Info:    ... okay on input line 8.
LaTeX Font Info:    Checking defaults for PU/pdf/m/n on input line 8.
LaTeX Font Info:    ... okay on input line 8.
 (/usr/share/texlive/texmf-dist/tex/context/base/mkii/supp-pdf.mkii
[Loading MPS to PDF converter (version 2006.09.02).]
\scratchcounter=\count294
\scratchdimen=\dimen155
\scratchbox=\box59
\nofMPsegments=\count295
\nofMParguments=\count296
\everyMPshowfont=\toks27
\MPscratchCnt=\count297
\MPscratchDim=\dimen156
\MPnumerator=\count298
\makeMPintoPDFobject=\count299
\everyMPtoPDFconversion=\toks28
)
Package hyperref Info: Link coloring ON on input line 8.
 (./Rd2.out) (./Rd2.out)
\@outlinefile=\write4
\openout4 = `Rd2.out'.

LaTeX Font Info:    Trying to load font information for T1+zi4 on input line 20
.

(/usr/share/texlive/texmf-dist/tex/latex/inconsolata/t1zi4.fd
File: t1zi4.fd 2018/01/14 T1/zi4 (Inconsolata)
)
LaTeX Font Info:    Font shape `T1/zi4/m/n' will be
(Font)              scaled to size 10.0pt on input line 20.
LaTeX Font Info:    Trying to load font information for U+msa on input line 20.


(/usr/share/texlive/texmf-dist/tex/latex/amsfonts/umsa.fd
File: umsa.fd 2013/01/14 v3.01 AMS symbols A
)
LaTeX Font Info:    Trying to load font information for U+msb on input line 20.


(/usr/share/texlive/texmf-dist/tex/latex/amsfonts/umsb.fd
File: umsb.fd 2013/01/14 v3.01 AMS symbols B
)
LaTeX Font Info:    Trying to load font information for U+rsfs on input line 20
.

(/usr/share/texlive/texmf-dist/tex/latex/jknapltx/ursfs.fd
File: ursfs.fd 1998/03/24 rsfs font definition file (jk)
)
LaTeX Font Info:    Trying to load font information for TS1+ptm on input line 2
2.

(/usr/share/texlive/texmf-dist/tex/latex/psnfss/ts1ptm.fd
File: ts1ptm.fd 2001/06/04 font definitions for TS1/ptm.
) (./Rd2.toc [1


{/var/lib/texmf/fonts/map/pdftex/updmap/pdftex.map}{/usr/share/texlive/texmf-di
st/fonts/enc/dvips/base/8r.enc}{/usr/share/texlive/texmf-dist/fonts/enc/dvips/i
nconsolata/i4-t1-0.enc}] [2])
\tf@toc=\write5
\openout5 = `Rd2.toc'.

 [3]
Overfull \hbox (120.61981pt too wide) in paragraph at lines 65--78
[]\T1/ptm/m/n/10 Other util-i-ties: [][][]\T1/zi4/m/n/10 auc[][][]()[]\T1/ptm/m
/n/10 , [][][]\T1/zi4/m/n/10 beowulf_cluster[][][]()[]\T1/ptm/m/n/10 , [][][]\T
1/zi4/m/n/10 objects_size[][][]()[]\T1/ptm/m/n/10 , [][][]\T1/zi4/m/n/10 optimi
zation_function[][][]()[]\T1/ptm/m/n/10 , [][][]\T1/zi4/m/n/10 prepare_importan
ce_spatial[][][]()[]\T1/ptm/m/n/10 ,
 []


Overfull \hbox (35.84094pt too wide) in paragraph at lines 65--78
[][][]\T1/zi4/m/n/10 rescale_vector[][][]()[]\T1/ptm/m/n/10 , [][][]\T1/zi4/m/n
/10 root_mean_squared_error[][][]()[]\T1/ptm/m/n/10 , [][][]\T1/zi4/m/n/10 setu
p_parallel_execution[][][]()[]\T1/ptm/m/n/10 , [][][]\T1/zi4/m/n/10 standard_er
ror[][][]()[]\T1/ptm/m/n/10 ,
 []


Overfull \hbox (11.0998pt too wide) in paragraph at lines 105--118
[]\T1/ptm/m/n/10 Other util-i-ties: [][][]\T1/zi4/m/n/10 .vif_to_df[][][]()[]\T
1/ptm/m/n/10 , [][][]\T1/zi4/m/n/10 beowulf_cluster[][][]()[]\T1/ptm/m/n/10 , [
][][]\T1/zi4/m/n/10 objects_size[][][]()[]\T1/ptm/m/n/10 , [][][]\T1/zi4/m/n/10
 optimization_function[][][]()[]\T1/ptm/m/n/10 ,
 []


Overfull \hbox (95.84094pt too wide) in paragraph at lines 105--118
[][][]\T1/zi4/m/n/10 prepare_importance_spatial[][][]()[]\T1/ptm/m/n/10 , [][][
]\T1/zi4/m/n/10 rescale_vector[][][]()[]\T1/ptm/m/n/10 , [][][]\T1/zi4/m/n/10 r
oot_mean_squared_error[][][]()[]\T1/ptm/m/n/10 , [][][]\T1/zi4/m/n/10 setup_par
allel_execution[][][]()[]\T1/ptm/m/n/10 ,
 []

LaTeX Font Info:    Font shape `T1/zi4/m/n' will be
(Font)              scaled to size 9.0pt on input line 121.
[4]
Overfull \hbox (0.88911pt too wide) in paragraph at lines 150--151
[]\T1/ptm/m/n/10 Data frame with pre-dic-tors, or a []\T1/zi4/m/n/10 variable_s
election []\T1/ptm/m/n/10 ob-ject from [][][]\T1/zi4/m/n/10 auto_vif()[][][][]\
T1/ptm/m/n/10 .
 []


Overfull \hbox (10.19775pt too wide) in paragraph at lines 180--181
\T1/ptm/m/n/10 Non-numeric columns are re-moved with a warn-ing. Rows with NA v
al-ues are re-moved via [][][]\T1/zi4/m/n/10 na.omit()[][][][]\T1/ptm/m/n/10 .
 []

[5]
Overfull \hbox (126.63002pt too wide) in paragraph at lines 200--210
[]\T1/ptm/m/n/10 Other pre-pro-cess-ing: [][][]\T1/zi4/m/n/10 auto_vif[][][]()[
]\T1/ptm/m/n/10 , [][][]\T1/zi4/m/n/10 case_weights[][][]()[]\T1/ptm/m/n/10 , [
][][]\T1/zi4/m/n/10 default_distance_thresholds[][][]()[]\T1/ptm/m/n/10 , [][][
]\T1/zi4/m/n/10 double_center_distance_matrix[][][]()[]\T1/ptm/m/n/10 ,
 []


Overfull \hbox (132.86096pt too wide) in paragraph at lines 200--210
[][][]\T1/zi4/m/n/10 is_binary[][][]()[]\T1/ptm/m/n/10 , [][][]\T1/zi4/m/n/10 m
ake_spatial_fold[][][]()[]\T1/ptm/m/n/10 , [][][]\T1/zi4/m/n/10 make_spatial_fo
lds[][][]()[]\T1/ptm/m/n/10 , [][][]\T1/zi4/m/n/10 the_feature_engineer[][][]()
[]\T1/ptm/m/n/10 , [][][]\T1/zi4/m/n/10 weights_from_distance_matrix[][][]() 
 []


Overfull \hbox (0.88911pt too wide) in paragraph at lines 243--244
[]\T1/ptm/m/n/10 Data frame with pre-dic-tors, or a []\T1/zi4/m/n/10 variable_s
election []\T1/ptm/m/n/10 ob-ject from [][][]\T1/zi4/m/n/10 auto_cor()[][][][]\
T1/ptm/m/n/10 .
 []

[6]
Overfull \hbox (10.19775pt too wide) in paragraph at lines 273--274
\T1/ptm/m/n/10 Non-numeric columns are re-moved with a warn-ing. Rows with NA v
al-ues are re-moved via [][][]\T1/zi4/m/n/10 na.omit()[][][][]\T1/ptm/m/n/10 .
 []


Overfull \hbox (126.63002pt too wide) in paragraph at lines 293--303
[]\T1/ptm/m/n/10 Other pre-pro-cess-ing: [][][]\T1/zi4/m/n/10 auto_cor[][][]()[
]\T1/ptm/m/n/10 , [][][]\T1/zi4/m/n/10 case_weights[][][]()[]\T1/ptm/m/n/10 , [
][][]\T1/zi4/m/n/10 default_distance_thresholds[][][]()[]\T1/ptm/m/n/10 , [][][
]\T1/zi4/m/n/10 double_center_distance_matrix[][][]()[]\T1/ptm/m/n/10 ,
 []


Overfull \hbox (132.86096pt too wide) in paragraph at lines 293--303
[][][]\T1/zi4/m/n/10 is_binary[][][]()[]\T1/ptm/m/n/10 , [][][]\T1/zi4/m/n/10 m
ake_spatial_fold[][][]()[]\T1/ptm/m/n/10 , [][][]\T1/zi4/m/n/10 make_spatial_fo
lds[][][]()[]\T1/ptm/m/n/10 , [][][]\T1/zi4/m/n/10 the_feature_engineer[][][]()
[]\T1/ptm/m/n/10 , [][][]\T1/zi4/m/n/10 weights_from_distance_matrix[][][]() 
 []

[7] [8]
Overfull \hbox (91.24873pt too wide) in paragraph at lines 371--372
[]\T1/ptm/m/n/10 Cluster ob-ject cre-ated by [][][]\T1/zi4/m/n/10 parallel::mak
eCluster()[][][][]\T1/ptm/m/n/10 , ready for reg-is-tra-tion with [][][]\T1/zi4
/m/n/10 doParallel::registerDoParallel()[][][][]\T1/ptm/m/n/10 . 
 []


Overfull \hbox (95.61981pt too wide) in paragraph at lines 375--388
[]\T1/ptm/m/n/10 Other util-i-ties: [][][]\T1/zi4/m/n/10 .vif_to_df[][][]()[]\T
1/ptm/m/n/10 , [][][]\T1/zi4/m/n/10 auc[][][]()[]\T1/ptm/m/n/10 , [][][]\T1/zi4
/m/n/10 objects_size[][][]()[]\T1/ptm/m/n/10 , [][][]\T1/zi4/m/n/10 optimizatio
n_function[][][]()[]\T1/ptm/m/n/10 , [][][]\T1/zi4/m/n/10 prepare_importance_sp
atial[][][]()[]\T1/ptm/m/n/10 ,
 []


Overfull \hbox (35.84094pt too wide) in paragraph at lines 375--388
[][][]\T1/zi4/m/n/10 rescale_vector[][][]()[]\T1/ptm/m/n/10 , [][][]\T1/zi4/m/n
/10 root_mean_squared_error[][][]()[]\T1/ptm/m/n/10 , [][][]\T1/zi4/m/n/10 setu
p_parallel_execution[][][]()[]\T1/ptm/m/n/10 , [][][]\T1/zi4/m/n/10 standard_er
ror[][][]()[]\T1/ptm/m/n/10 ,
 []

[9]
Overfull \hbox (106.63002pt too wide) in paragraph at lines 457--467
[]\T1/ptm/m/n/10 Other pre-pro-cess-ing: [][][]\T1/zi4/m/n/10 auto_cor[][][]()[
]\T1/ptm/m/n/10 , [][][]\T1/zi4/m/n/10 auto_vif[][][]()[]\T1/ptm/m/n/10 , [][][
]\T1/zi4/m/n/10 default_distance_thresholds[][][]()[]\T1/ptm/m/n/10 , [][][]\T1
/zi4/m/n/10 double_center_distance_matrix[][][]()[]\T1/ptm/m/n/10 ,
 []


Overfull \hbox (132.86096pt too wide) in paragraph at lines 457--467
[][][]\T1/zi4/m/n/10 is_binary[][][]()[]\T1/ptm/m/n/10 , [][][]\T1/zi4/m/n/10 m
ake_spatial_fold[][][]()[]\T1/ptm/m/n/10 , [][][]\T1/zi4/m/n/10 make_spatial_fo
lds[][][]()[]\T1/ptm/m/n/10 , [][][]\T1/zi4/m/n/10 the_feature_engineer[][][]()
[]\T1/ptm/m/n/10 , [][][]\T1/zi4/m/n/10 weights_from_distance_matrix[][][]() 
 []

[10]
Overfull \hbox (31.63002pt too wide) in paragraph at lines 513--523
[]\T1/ptm/m/n/10 Other pre-pro-cess-ing: [][][]\T1/zi4/m/n/10 auto_cor[][][]()[
]\T1/ptm/m/n/10 , [][][]\T1/zi4/m/n/10 auto_vif[][][]()[]\T1/ptm/m/n/10 , [][][
]\T1/zi4/m/n/10 case_weights[][][]()[]\T1/ptm/m/n/10 , [][][]\T1/zi4/m/n/10 dou
ble_center_distance_matrix[][][]()[]\T1/ptm/m/n/10 ,
 []


Overfull \hbox (132.86096pt too wide) in paragraph at lines 513--523
[][][]\T1/zi4/m/n/10 is_binary[][][]()[]\T1/ptm/m/n/10 , [][][]\T1/zi4/m/n/10 m
ake_spatial_fold[][][]()[]\T1/ptm/m/n/10 , [][][]\T1/zi4/m/n/10 make_spatial_fo
lds[][][]()[]\T1/ptm/m/n/10 , [][][]\T1/zi4/m/n/10 the_feature_engineer[][][]()
[]\T1/ptm/m/n/10 , [][][]\T1/zi4/m/n/10 weights_from_distance_matrix[][][]() 
 []

[11]
Overfull \hbox (21.63002pt too wide) in paragraph at lines 579--589
[]\T1/ptm/m/n/10 Other pre-pro-cess-ing: [][][]\T1/zi4/m/n/10 auto_cor[][][]()[
]\T1/ptm/m/n/10 , [][][]\T1/zi4/m/n/10 auto_vif[][][]()[]\T1/ptm/m/n/10 , [][][
]\T1/zi4/m/n/10 case_weights[][][]()[]\T1/ptm/m/n/10 , [][][]\T1/zi4/m/n/10 def
ault_distance_thresholds[][][]()[]\T1/ptm/m/n/10 ,
 []


Overfull \hbox (132.86096pt too wide) in paragraph at lines 579--589
[][][]\T1/zi4/m/n/10 is_binary[][][]()[]\T1/ptm/m/n/10 , [][][]\T1/zi4/m/n/10 m
ake_spatial_fold[][][]()[]\T1/ptm/m/n/10 , [][][]\T1/zi4/m/n/10 make_spatial_fo
lds[][][]()[]\T1/ptm/m/n/10 , [][][]\T1/zi4/m/n/10 the_feature_engineer[][][]()
[]\T1/ptm/m/n/10 , [][][]\T1/zi4/m/n/10 weights_from_distance_matrix[][][]() 
 []

[12] [13]
Overfull \hbox (13.93953pt too wide) in paragraph at lines 655--667
[]\T1/ptm/m/n/10 Other spa-tial_analysis: [][][]\T1/zi4/m/n/10 mem[][][]()[]\T1
/ptm/m/n/10 , [][][]\T1/zi4/m/n/10 mem_multithreshold[][][]()[]\T1/ptm/m/n/10 ,
 [][][]\T1/zi4/m/n/10 moran[][][]()[]\T1/ptm/m/n/10 , [][][]\T1/zi4/m/n/10 mora
n_multithreshold[][][]()[]\T1/ptm/m/n/10 , [][][]\T1/zi4/m/n/10 pca[][][]()[]\T
1/ptm/m/n/10 ,
 []


Overfull \hbox (40.84094pt too wide) in paragraph at lines 655--667
[][][]\T1/zi4/m/n/10 pca_multithreshold[][][]()[]\T1/ptm/m/n/10 , [][][]\T1/zi4
/m/n/10 rank_spatial_predictors[][][]()[]\T1/ptm/m/n/10 , [][][]\T1/zi4/m/n/10 
residuals_diagnostics[][][]()[]\T1/ptm/m/n/10 , [][][]\T1/zi4/m/n/10 residuals_
test[][][]()[]\T1/ptm/m/n/10 ,
 []

[14]
Overfull \hbox (27.20018pt too wide) in paragraph at lines 737--751
[]\T1/ptm/m/n/10 Other model_info: [][][]\T1/zi4/m/n/10 get_importance[][][]()[
]\T1/ptm/m/n/10 , [][][]\T1/zi4/m/n/10 get_importance_local[][][]()[]\T1/ptm/m/
n/10 , [][][]\T1/zi4/m/n/10 get_moran[][][]()[]\T1/ptm/m/n/10 , [][][]\T1/zi4/m
/n/10 get_performance[][][]()[]\T1/ptm/m/n/10 ,
 []


Overfull \hbox (5.84094pt too wide) in paragraph at lines 737--751
[][][]\T1/zi4/m/n/10 get_predictions[][][]()[]\T1/ptm/m/n/10 , [][][]\T1/zi4/m/
n/10 get_residuals[][][]()[]\T1/ptm/m/n/10 , [][][]\T1/zi4/m/n/10 get_response_
curves[][][]()[]\T1/ptm/m/n/10 , [][][]\T1/zi4/m/n/10 get_spatial_predictors[][
][]()[]\T1/ptm/m/n/10 ,
 []


Overfull \hbox (12.86096pt too wide) in paragraph at lines 737--751
[][][]\T1/zi4/m/n/10 print.rf[][][]()[]\T1/ptm/m/n/10 , [][][]\T1/zi4/m/n/10 pr
int_evaluation[][][]()[]\T1/ptm/m/n/10 , [][][]\T1/zi4/m/n/10 print_importance[
][][]()[]\T1/ptm/m/n/10 , [][][]\T1/zi4/m/n/10 print_moran[][][]()[]\T1/ptm/m/n
/10 , [][][]\T1/zi4/m/n/10 print_performance[][][]() 
 []

[15]
Overfull \hbox (27.20018pt too wide) in paragraph at lines 806--820
[]\T1/ptm/m/n/10 Other model_info: [][][]\T1/zi4/m/n/10 get_evaluation[][][]()[
]\T1/ptm/m/n/10 , [][][]\T1/zi4/m/n/10 get_importance_local[][][]()[]\T1/ptm/m/
n/10 , [][][]\T1/zi4/m/n/10 get_moran[][][]()[]\T1/ptm/m/n/10 , [][][]\T1/zi4/m
/n/10 get_performance[][][]()[]\T1/ptm/m/n/10 ,
 []


Overfull \hbox (5.84094pt too wide) in paragraph at lines 806--820
[][][]\T1/zi4/m/n/10 get_predictions[][][]()[]\T1/ptm/m/n/10 , [][][]\T1/zi4/m/
n/10 get_residuals[][][]()[]\T1/ptm/m/n/10 , [][][]\T1/zi4/m/n/10 get_response_
curves[][][]()[]\T1/ptm/m/n/10 , [][][]\T1/zi4/m/n/10 get_spatial_predictors[][
][]()[]\T1/ptm/m/n/10 ,
 []


Overfull \hbox (12.86096pt too wide) in paragraph at lines 806--820
[][][]\T1/zi4/m/n/10 print.rf[][][]()[]\T1/ptm/m/n/10 , [][][]\T1/zi4/m/n/10 pr
int_evaluation[][][]()[]\T1/ptm/m/n/10 , [][][]\T1/zi4/m/n/10 print_importance[
][][]()[]\T1/ptm/m/n/10 , [][][]\T1/zi4/m/n/10 print_moran[][][]()[]\T1/ptm/m/n
/10 , [][][]\T1/zi4/m/n/10 print_performance[][][]() 
 []

[16]
Overfull \hbox (4.36693pt too wide) in paragraph at lines 839--840
[]\T1/ptm/m/n/10 Extracts lo-cal (case-specific) vari-able im-por-tance scores 
from mod-els fit-ted with [][][]\T1/zi4/m/n/10 rf()[][][][]\T1/ptm/m/n/10 , [][
][]\T1/zi4/m/n/10 rf_repeat()[][][][]\T1/ptm/m/n/10 ,
 []


Overfull \hbox (17.38098pt too wide) in paragraph at lines 863--864
[][][]\T1/zi4/m/n/10 rf()[][][][]\T1/ptm/m/n/10 , [][][]\T1/zi4/m/n/10 rf_repea
t()[][][][]\T1/ptm/m/n/10 , [][][]\T1/zi4/m/n/10 rf_spatial()[][][][]\T1/ptm/m/
n/10 , [][][]\T1/zi4/m/n/10 get_importance()[][][][]\T1/ptm/m/n/10 , [][][]\T1/
zi4/m/n/10 plot_importance()[][][][]\T1/ptm/m/n/10 , [][][]\T1/zi4/m/n/10 print
_importance()[][][] 
 []


Overfull \hbox (5.84094pt too wide) in paragraph at lines 865--879
[][][]\T1/zi4/m/n/10 get_predictions[][][]()[]\T1/ptm/m/n/10 , [][][]\T1/zi4/m/
n/10 get_residuals[][][]()[]\T1/ptm/m/n/10 , [][][]\T1/zi4/m/n/10 get_response_
curves[][][]()[]\T1/ptm/m/n/10 , [][][]\T1/zi4/m/n/10 get_spatial_predictors[][
][]()[]\T1/ptm/m/n/10 ,
 []


Overfull \hbox (12.86096pt too wide) in paragraph at lines 865--879
[][][]\T1/zi4/m/n/10 print.rf[][][]()[]\T1/ptm/m/n/10 , [][][]\T1/zi4/m/n/10 pr
int_evaluation[][][]()[]\T1/ptm/m/n/10 , [][][]\T1/zi4/m/n/10 print_importance[
][][]()[]\T1/ptm/m/n/10 , [][][]\T1/zi4/m/n/10 print_moran[][][]()[]\T1/ptm/m/n
/10 , [][][]\T1/zi4/m/n/10 print_performance[][][]() 
 []

[17]
Overfull \hbox (34.6659pt too wide) in paragraph at lines 921--922
[]\T1/ptm/m/n/10 Data frame with Moran's I statis-tics at mul-ti-ple dis-tance 
thresh-olds. Columns in-clude []\T1/zi4/m/n/10 distance.threshold[]\T1/ptm/m/n/
10 ,
 []


Overfull \hbox (52.20018pt too wide) in paragraph at lines 927--941
[]\T1/ptm/m/n/10 Other model_info: [][][]\T1/zi4/m/n/10 get_evaluation[][][]()[
]\T1/ptm/m/n/10 , [][][]\T1/zi4/m/n/10 get_importance[][][]()[]\T1/ptm/m/n/10 ,
 [][][]\T1/zi4/m/n/10 get_importance_local[][][]()[]\T1/ptm/m/n/10 , [][][]\T1/
zi4/m/n/10 get_performance[][][]()[]\T1/ptm/m/n/10 ,
 []


Overfull \hbox (5.84094pt too wide) in paragraph at lines 927--941
[][][]\T1/zi4/m/n/10 get_predictions[][][]()[]\T1/ptm/m/n/10 , [][][]\T1/zi4/m/
n/10 get_residuals[][][]()[]\T1/ptm/m/n/10 , [][][]\T1/zi4/m/n/10 get_response_
curves[][][]()[]\T1/ptm/m/n/10 , [][][]\T1/zi4/m/n/10 get_spatial_predictors[][
][]()[]\T1/ptm/m/n/10 ,
 []


Overfull \hbox (12.86096pt too wide) in paragraph at lines 927--941
[][][]\T1/zi4/m/n/10 print.rf[][][]()[]\T1/ptm/m/n/10 , [][][]\T1/zi4/m/n/10 pr
int_evaluation[][][]()[]\T1/ptm/m/n/10 , [][][]\T1/zi4/m/n/10 print_importance[
][][]()[]\T1/ptm/m/n/10 , [][][]\T1/zi4/m/n/10 print_moran[][][]()[]\T1/ptm/m/n
/10 , [][][]\T1/zi4/m/n/10 print_performance[][][]() 
 []

[18]
LaTeX Font Info:    Trying to load font information for TS1+zi4 on input line 9
47.
 (/usr/share/texlive/texmf-dist/tex/latex/inconsolata/ts1zi4.fd
File: ts1zi4.fd 2018/01/14 TS1/zi4 (Inconsolata)
)
LaTeX Font Info:    Font shape `TS1/zi4/m/n' will be
(Font)              scaled to size 9.0pt on input line 947.

Overfull \hbox (4.6193pt too wide) in paragraph at lines 985--986
[]\T1/ptm/m/n/10 For [][][]\T1/zi4/m/n/10 rf_repeat()[][][][]\T1/ptm/m/n/10 : c
olumns []\T1/zi4/m/n/10 metric[]\T1/ptm/m/n/10 , []\T1/zi4/m/n/10 median[]\T1/p
tm/m/n/10 , and []\T1/zi4/m/n/10 median_absolute_deviation []\T1/ptm/m/n/10 (MA
D across
 []


Overfull \hbox (22.20018pt too wide) in paragraph at lines 994--1008
[]\T1/ptm/m/n/10 Other model_info: [][][]\T1/zi4/m/n/10 get_evaluation[][][]()[
]\T1/ptm/m/n/10 , [][][]\T1/zi4/m/n/10 get_importance[][][]()[]\T1/ptm/m/n/10 ,
 [][][]\T1/zi4/m/n/10 get_importance_local[][][]()[]\T1/ptm/m/n/10 , [][][]\T1/
zi4/m/n/10 get_moran[][][]()[]\T1/ptm/m/n/10 ,
 []


Overfull \hbox (5.84094pt too wide) in paragraph at lines 994--1008
[][][]\T1/zi4/m/n/10 get_predictions[][][]()[]\T1/ptm/m/n/10 , [][][]\T1/zi4/m/
n/10 get_residuals[][][]()[]\T1/ptm/m/n/10 , [][][]\T1/zi4/m/n/10 get_response_
curves[][][]()[]\T1/ptm/m/n/10 , [][][]\T1/zi4/m/n/10 get_spatial_predictors[][
][]()[]\T1/ptm/m/n/10 ,
 []


Overfull \hbox (12.86096pt too wide) in paragraph at lines 994--1008
[][][]\T1/zi4/m/n/10 print.rf[][][]()[]\T1/ptm/m/n/10 , [][][]\T1/zi4/m/n/10 pr
int_evaluation[][][]()[]\T1/ptm/m/n/10 , [][][]\T1/zi4/m/n/10 print_importance[
][][]()[]\T1/ptm/m/n/10 , [][][]\T1/zi4/m/n/10 print_moran[][][]()[]\T1/ptm/m/n
/10 , [][][]\T1/zi4/m/n/10 print_performance[][][]() 
 []

[19{/usr/share/texlive/texmf-dist/fonts/enc/dvips/inconsolata/i4-ts1.enc}]
Overfull \hbox (7.28783pt too wide) in paragraph at lines 1027--1028
[]\T1/ptm/m/n/10 Extracts fit-ted (in-sample) pre-dic-tions from mod-els fit-te
d with [][][]\T1/zi4/m/n/10 rf()[][][][]\T1/ptm/m/n/10 , [][][]\T1/zi4/m/n/10 r
f_repeat()[][][][]\T1/ptm/m/n/10 , or [][][]\T1/zi4/m/n/10 rf_spatial()[][][][]
\T1/ptm/m/n/10 . 
 []


Overfull \hbox (22.20018pt too wide) in paragraph at lines 1053--1067
[]\T1/ptm/m/n/10 Other model_info: [][][]\T1/zi4/m/n/10 get_evaluation[][][]()[
]\T1/ptm/m/n/10 , [][][]\T1/zi4/m/n/10 get_importance[][][]()[]\T1/ptm/m/n/10 ,
 [][][]\T1/zi4/m/n/10 get_importance_local[][][]()[]\T1/ptm/m/n/10 , [][][]\T1/
zi4/m/n/10 get_moran[][][]()[]\T1/ptm/m/n/10 ,
 []


Overfull \hbox (5.84094pt too wide) in paragraph at lines 1053--1067
[][][]\T1/zi4/m/n/10 get_performance[][][]()[]\T1/ptm/m/n/10 , [][][]\T1/zi4/m/
n/10 get_residuals[][][]()[]\T1/ptm/m/n/10 , [][][]\T1/zi4/m/n/10 get_response_
curves[][][]()[]\T1/ptm/m/n/10 , [][][]\T1/zi4/m/n/10 get_spatial_predictors[][
][]()[]\T1/ptm/m/n/10 ,
 []


Overfull \hbox (12.86096pt too wide) in paragraph at lines 1053--1067
[][][]\T1/zi4/m/n/10 print.rf[][][]()[]\T1/ptm/m/n/10 , [][][]\T1/zi4/m/n/10 pr
int_evaluation[][][]()[]\T1/ptm/m/n/10 , [][][]\T1/zi4/m/n/10 print_importance[
][][]()[]\T1/ptm/m/n/10 , [][][]\T1/zi4/m/n/10 print_moran[][][]()[]\T1/ptm/m/n
/10 , [][][]\T1/zi4/m/n/10 print_performance[][][]() 
 []

[20]
Overfull \hbox (12.05768pt too wide) in paragraph at lines 1109--1110
[]\T1/ptm/m/n/10 Numeric vec-tor of resid-u-als with length equal to the num-be
r of train-ing ob-ser-va-tions. For [][][]\T1/zi4/m/n/10 rf_repeat()[][][]
 []


Overfull \hbox (42.38098pt too wide) in paragraph at lines 1113--1114
[][][]\T1/zi4/m/n/10 rf()[][][][]\T1/ptm/m/n/10 , [][][]\T1/zi4/m/n/10 rf_repea
t()[][][][]\T1/ptm/m/n/10 , [][][]\T1/zi4/m/n/10 rf_spatial()[][][][]\T1/ptm/m/
n/10 , [][][]\T1/zi4/m/n/10 get_predictions()[][][][]\T1/ptm/m/n/10 , [][][]\T1
/zi4/m/n/10 get_moran()[][][][]\T1/ptm/m/n/10 , [][][]\T1/zi4/m/n/10 plot_resid
uals_diagnostics()[][][] 
 []


Overfull \hbox (22.20018pt too wide) in paragraph at lines 1115--1129
[]\T1/ptm/m/n/10 Other model_info: [][][]\T1/zi4/m/n/10 get_evaluation[][][]()[
]\T1/ptm/m/n/10 , [][][]\T1/zi4/m/n/10 get_importance[][][]()[]\T1/ptm/m/n/10 ,
 [][][]\T1/zi4/m/n/10 get_importance_local[][][]()[]\T1/ptm/m/n/10 , [][][]\T1/
zi4/m/n/10 get_moran[][][]()[]\T1/ptm/m/n/10 ,
 []


Overfull \hbox (15.84094pt too wide) in paragraph at lines 1115--1129
[][][]\T1/zi4/m/n/10 get_performance[][][]()[]\T1/ptm/m/n/10 , [][][]\T1/zi4/m/
n/10 get_predictions[][][]()[]\T1/ptm/m/n/10 , [][][]\T1/zi4/m/n/10 get_respons
e_curves[][][]()[]\T1/ptm/m/n/10 , [][][]\T1/zi4/m/n/10 get_spatial_predictors[
][][]()[]\T1/ptm/m/n/10 ,
 []


Overfull \hbox (12.86096pt too wide) in paragraph at lines 1115--1129
[][][]\T1/zi4/m/n/10 print.rf[][][]()[]\T1/ptm/m/n/10 , [][][]\T1/zi4/m/n/10 pr
int_evaluation[][][]()[]\T1/ptm/m/n/10 , [][][]\T1/zi4/m/n/10 print_importance[
][][]()[]\T1/ptm/m/n/10 , [][][]\T1/zi4/m/n/10 print_moran[][][]()[]\T1/ptm/m/n
/10 , [][][]\T1/zi4/m/n/10 print_performance[][][]() 
 []

[21] [22]
Overfull \hbox (22.20018pt too wide) in paragraph at lines 1215--1229
[]\T1/ptm/m/n/10 Other model_info: [][][]\T1/zi4/m/n/10 get_evaluation[][][]()[
]\T1/ptm/m/n/10 , [][][]\T1/zi4/m/n/10 get_importance[][][]()[]\T1/ptm/m/n/10 ,
 [][][]\T1/zi4/m/n/10 get_importance_local[][][]()[]\T1/ptm/m/n/10 , [][][]\T1/
zi4/m/n/10 get_moran[][][]()[]\T1/ptm/m/n/10 ,
 []


Overfull \hbox (40.36096pt too wide) in paragraph at lines 1215--1229
[][][]\T1/zi4/m/n/10 get_performance[][][]()[]\T1/ptm/m/n/10 , [][][]\T1/zi4/m/
n/10 get_predictions[][][]()[]\T1/ptm/m/n/10 , [][][]\T1/zi4/m/n/10 get_residua
ls[][][]()[]\T1/ptm/m/n/10 , [][][]\T1/zi4/m/n/10 get_spatial_predictors[][][](
)[]\T1/ptm/m/n/10 , [][][]\T1/zi4/m/n/10 print.rf[][][]()[]\T1/ptm/m/n/10 ,
 []

[23]
Overfull \hbox (6.93735pt too wide) in paragraph at lines 1255--1256
[]\T1/ptm/m/n/10 Extracts the spa-tial pre-dic-tors (Moran's Eigen-vec-tor Maps
) used in a model fit-ted with [][][]\T1/zi4/m/n/10 rf_spatial()[][][][]\T1/ptm
/m/n/10 . 
 []


Overfull \hbox (22.20018pt too wide) in paragraph at lines 1281--1295
[]\T1/ptm/m/n/10 Other model_info: [][][]\T1/zi4/m/n/10 get_evaluation[][][]()[
]\T1/ptm/m/n/10 , [][][]\T1/zi4/m/n/10 get_importance[][][]()[]\T1/ptm/m/n/10 ,
 [][][]\T1/zi4/m/n/10 get_importance_local[][][]()[]\T1/ptm/m/n/10 , [][][]\T1/
zi4/m/n/10 get_moran[][][]()[]\T1/ptm/m/n/10 ,
 []


Overfull \hbox (25.36096pt too wide) in paragraph at lines 1281--1295
[][][]\T1/zi4/m/n/10 get_performance[][][]()[]\T1/ptm/m/n/10 , [][][]\T1/zi4/m/
n/10 get_predictions[][][]()[]\T1/ptm/m/n/10 , [][][]\T1/zi4/m/n/10 get_residua
ls[][][]()[]\T1/ptm/m/n/10 , [][][]\T1/zi4/m/n/10 get_response_curves[][][]()[]
\T1/ptm/m/n/10 , [][][]\T1/zi4/m/n/10 print.rf[][][]()[]\T1/ptm/m/n/10 ,
 []

[24]
Overfull \hbox (21.63002pt too wide) in paragraph at lines 1355--1365
[]\T1/ptm/m/n/10 Other pre-pro-cess-ing: [][][]\T1/zi4/m/n/10 auto_cor[][][]()[
]\T1/ptm/m/n/10 , [][][]\T1/zi4/m/n/10 auto_vif[][][]()[]\T1/ptm/m/n/10 , [][][
]\T1/zi4/m/n/10 case_weights[][][]()[]\T1/ptm/m/n/10 , [][][]\T1/zi4/m/n/10 def
ault_distance_thresholds[][][]()[]\T1/ptm/m/n/10 ,
 []


Overfull \hbox (80.84094pt too wide) in paragraph at lines 1355--1365
[][][]\T1/zi4/m/n/10 double_center_distance_matrix[][][]()[]\T1/ptm/m/n/10 , []
[][]\T1/zi4/m/n/10 make_spatial_fold[][][]()[]\T1/ptm/m/n/10 , [][][]\T1/zi4/m/
n/10 make_spatial_folds[][][]()[]\T1/ptm/m/n/10 , [][][]\T1/zi4/m/n/10 the_feat
ure_engineer[][][]()[]\T1/ptm/m/n/10 ,
 []

[25] [26]
Overfull \hbox (85.24802pt too wide) in paragraph at lines 1434--1435
[]\T1/ptm/m/n/10 Continues grow-ing un-til the buffer con-tains the de-sired nu
m-ber of records (\T1/zi4/m/n/10 training.fraction * total records\T1/ptm/m/n/1
0 ) 
 []


Overfull \hbox (21.63002pt too wide) in paragraph at lines 1459--1469
[]\T1/ptm/m/n/10 Other pre-pro-cess-ing: [][][]\T1/zi4/m/n/10 auto_cor[][][]()[
]\T1/ptm/m/n/10 , [][][]\T1/zi4/m/n/10 auto_vif[][][]()[]\T1/ptm/m/n/10 , [][][
]\T1/zi4/m/n/10 case_weights[][][]()[]\T1/ptm/m/n/10 , [][][]\T1/zi4/m/n/10 def
ault_distance_thresholds[][][]()[]\T1/ptm/m/n/10 ,
 []


Overfull \hbox (40.84094pt too wide) in paragraph at lines 1459--1469
[][][]\T1/zi4/m/n/10 double_center_distance_matrix[][][]()[]\T1/ptm/m/n/10 , []
[][]\T1/zi4/m/n/10 is_binary[][][]()[]\T1/ptm/m/n/10 , [][][]\T1/zi4/m/n/10 mak
e_spatial_folds[][][]()[]\T1/ptm/m/n/10 , [][][]\T1/zi4/m/n/10 the_feature_engi
neer[][][]()[]\T1/ptm/m/n/10 ,
 []

[27] [28]
Overfull \hbox (67.8285pt too wide) in paragraph at lines 1537--1538
\T1/ptm/m/n/10 over-rides []\T1/zi4/m/n/10 n.cores[]\T1/ptm/m/n/10 . User is re
-spon-si-ble for stop-ping the clus-ter with [][][]\T1/zi4/m/n/10 parallel::sto
pCluster()[][][][]\T1/ptm/m/n/10 .
 []


Overfull \hbox (21.63002pt too wide) in paragraph at lines 1573--1583
[]\T1/ptm/m/n/10 Other pre-pro-cess-ing: [][][]\T1/zi4/m/n/10 auto_cor[][][]()[
]\T1/ptm/m/n/10 , [][][]\T1/zi4/m/n/10 auto_vif[][][]()[]\T1/ptm/m/n/10 , [][][
]\T1/zi4/m/n/10 case_weights[][][]()[]\T1/ptm/m/n/10 , [][][]\T1/zi4/m/n/10 def
ault_distance_thresholds[][][]()[]\T1/ptm/m/n/10 ,
 []


Overfull \hbox (35.84094pt too wide) in paragraph at lines 1573--1583
[][][]\T1/zi4/m/n/10 double_center_distance_matrix[][][]()[]\T1/ptm/m/n/10 , []
[][]\T1/zi4/m/n/10 is_binary[][][]()[]\T1/ptm/m/n/10 , [][][]\T1/zi4/m/n/10 mak
e_spatial_fold[][][]()[]\T1/ptm/m/n/10 , [][][]\T1/zi4/m/n/10 the_feature_engin
eer[][][]()[]\T1/ptm/m/n/10 ,
 []

[29] [30]
Overfull \hbox (94.41951pt too wide) in paragraph at lines 1672--1684
[]\T1/ptm/m/n/10 Other spa-tial_analysis: [][][]\T1/zi4/m/n/10 filter_spatial_p
redictors[][][]()[]\T1/ptm/m/n/10 , [][][]\T1/zi4/m/n/10 mem_multithreshold[][]
[]()[]\T1/ptm/m/n/10 , [][][]\T1/zi4/m/n/10 moran[][][]()[]\T1/ptm/m/n/10 , [][
][]\T1/zi4/m/n/10 moran_multithreshold[][][]()[]\T1/ptm/m/n/10 ,
 []


Overfull \hbox (70.36096pt too wide) in paragraph at lines 1672--1684
[][][]\T1/zi4/m/n/10 pca[][][]()[]\T1/ptm/m/n/10 , [][][]\T1/zi4/m/n/10 pca_mul
tithreshold[][][]()[]\T1/ptm/m/n/10 , [][][]\T1/zi4/m/n/10 rank_spatial_predict
ors[][][]()[]\T1/ptm/m/n/10 , [][][]\T1/zi4/m/n/10 residuals_diagnostics[][][](
)[]\T1/ptm/m/n/10 , [][][]\T1/zi4/m/n/10 residuals_test[][][]()[]\T1/ptm/m/n/10
 ,
 []

[31]
Overfull \hbox (3.24886pt too wide) in paragraph at lines 1725--1726
\T1/ptm/m/n/10 tal num-ber of MEMs ex-ceeds this value, only the first []\T1/zi
4/m/n/10 max.spatial.predictors
 []

[32]
Overfull \hbox (135.29707pt too wide) in paragraph at lines 1754--1755
\T1/ptm/m/n/10 rep-re-sent-ing MEMs at dif-fer-ent dis-tance thresh-olds. Col-u
mn names fol-low the pat-tern \T1/zi4/m/n/10 spatial_predictor_<threshold>_<num
ber>
 []


Overfull \hbox (3.34094pt too wide) in paragraph at lines 1758--1759
[][][]\T1/zi4/m/n/10 mem()[][][][]\T1/ptm/m/n/10 , [][][]\T1/zi4/m/n/10 rf_spat
ial()[][][][]\T1/ptm/m/n/10 , [][][]\T1/zi4/m/n/10 default_distance_thresholds(
)[][][][]\T1/ptm/m/n/10 , [][][]\T1/zi4/m/n/10 double_center_distance_matrix()[
][][] 
 []


Overfull \hbox (19.41951pt too wide) in paragraph at lines 1760--1772
[]\T1/ptm/m/n/10 Other spa-tial_analysis: [][][]\T1/zi4/m/n/10 filter_spatial_p
redictors[][][]()[]\T1/ptm/m/n/10 , [][][]\T1/zi4/m/n/10 mem[][][]()[]\T1/ptm/m
/n/10 , [][][]\T1/zi4/m/n/10 moran[][][]()[]\T1/ptm/m/n/10 , [][][]\T1/zi4/m/n/
10 moran_multithreshold[][][]()[]\T1/ptm/m/n/10 ,
 []


Overfull \hbox (70.36096pt too wide) in paragraph at lines 1760--1772
[][][]\T1/zi4/m/n/10 pca[][][]()[]\T1/ptm/m/n/10 , [][][]\T1/zi4/m/n/10 pca_mul
tithreshold[][][]()[]\T1/ptm/m/n/10 , [][][]\T1/zi4/m/n/10 rank_spatial_predict
ors[][][]()[]\T1/ptm/m/n/10 , [][][]\T1/zi4/m/n/10 residuals_diagnostics[][][](
)[]\T1/ptm/m/n/10 , [][][]\T1/zi4/m/n/10 residuals_test[][][]()[]\T1/ptm/m/n/10
 ,
 []

[33] [34]
Overfull \hbox (84.41951pt too wide) in paragraph at lines 1878--1890
[]\T1/ptm/m/n/10 Other spa-tial_analysis: [][][]\T1/zi4/m/n/10 filter_spatial_p
redictors[][][]()[]\T1/ptm/m/n/10 , [][][]\T1/zi4/m/n/10 mem[][][]()[]\T1/ptm/m
/n/10 , [][][]\T1/zi4/m/n/10 mem_multithreshold[][][]()[]\T1/ptm/m/n/10 , [][][
]\T1/zi4/m/n/10 moran_multithreshold[][][]()[]\T1/ptm/m/n/10 ,
 []


Overfull \hbox (70.36096pt too wide) in paragraph at lines 1878--1890
[][][]\T1/zi4/m/n/10 pca[][][]()[]\T1/ptm/m/n/10 , [][][]\T1/zi4/m/n/10 pca_mul
tithreshold[][][]()[]\T1/ptm/m/n/10 , [][][]\T1/zi4/m/n/10 rank_spatial_predict
ors[][][]()[]\T1/ptm/m/n/10 , [][][]\T1/zi4/m/n/10 residuals_diagnostics[][][](
)[]\T1/ptm/m/n/10 , [][][]\T1/zi4/m/n/10 residuals_test[][][]()[]\T1/ptm/m/n/10
 ,
 []

[35]
Overfull \hbox (36.32791pt too wide) in paragraph at lines 1937--1938
\T1/ptm/m/n/10 scale. De-fault: []\T1/zi4/m/n/10 NULL []\T1/ptm/m/n/10 (au-to-m
at-i-cally com-puted with [][][]\T1/zi4/m/n/10 default_distance_thresholds()[][
][][]\T1/ptm/m/n/10 ). 
 []

[36]
Overfull \hbox (43.25717pt too wide) in paragraph at lines 1962--1963
[]\T1/ptm/m/n/10 Determine ap-pro-pri-ate dis-tance thresh-olds for gen-er-at-i
ng spa-tial pre-dic-tors with [][][]\T1/zi4/m/n/10 mem_multithreshold()[][][] 
 []


Overfull \hbox (8.39806pt too wide) in paragraph at lines 1986--1987
[]\T1/zi4/m/n/10 max.moran.distance.threshold[]\T1/ptm/m/n/10 : Dis-tance thres
h-old (in dis-tance ma-trix units) where Moran's
 []


Overfull \hbox (9.41951pt too wide) in paragraph at lines 1995--2007
[]\T1/ptm/m/n/10 Other spa-tial_analysis: [][][]\T1/zi4/m/n/10 filter_spatial_p
redictors[][][]()[]\T1/ptm/m/n/10 , [][][]\T1/zi4/m/n/10 mem[][][]()[]\T1/ptm/m
/n/10 , [][][]\T1/zi4/m/n/10 mem_multithreshold[][][]()[]\T1/ptm/m/n/10 , [][][
]\T1/zi4/m/n/10 moran[][][]()[]\T1/ptm/m/n/10 ,
 []


Overfull \hbox (70.36096pt too wide) in paragraph at lines 1995--2007
[][][]\T1/zi4/m/n/10 pca[][][]()[]\T1/ptm/m/n/10 , [][][]\T1/zi4/m/n/10 pca_mul
tithreshold[][][]()[]\T1/ptm/m/n/10 , [][][]\T1/zi4/m/n/10 rank_spatial_predict
ors[][][]()[]\T1/ptm/m/n/10 , [][][]\T1/zi4/m/n/10 residuals_diagnostics[][][](
)[]\T1/ptm/m/n/10 , [][][]\T1/zi4/m/n/10 residuals_test[][][]()[]\T1/ptm/m/n/10
 ,
 []

[37]
Overfull \hbox (5.23694pt too wide) in paragraph at lines 2052--2053
[]\T1/ptm/m/n/10 This util-ity func-tion helps mon-i-tor mem-ory us-age by dis-
play-ing the largest ob-jects in your workspace.
 []


Overfull \hbox (110.61981pt too wide) in paragraph at lines 2081--2094
[]\T1/ptm/m/n/10 Other util-i-ties: [][][]\T1/zi4/m/n/10 .vif_to_df[][][]()[]\T
1/ptm/m/n/10 , [][][]\T1/zi4/m/n/10 auc[][][]()[]\T1/ptm/m/n/10 , [][][]\T1/zi4
/m/n/10 beowulf_cluster[][][]()[]\T1/ptm/m/n/10 , [][][]\T1/zi4/m/n/10 optimiza
tion_function[][][]()[]\T1/ptm/m/n/10 , [][][]\T1/zi4/m/n/10 prepare_importance
_spatial[][][]()[]\T1/ptm/m/n/10 ,
 []


Overfull \hbox (35.84094pt too wide) in paragraph at lines 2081--2094
[][][]\T1/zi4/m/n/10 rescale_vector[][][]()[]\T1/ptm/m/n/10 , [][][]\T1/zi4/m/n
/10 root_mean_squared_error[][][]()[]\T1/ptm/m/n/10 , [][][]\T1/zi4/m/n/10 setu
p_parallel_execution[][][]()[]\T1/ptm/m/n/10 , [][][]\T1/zi4/m/n/10 standard_er
ror[][][]()[]\T1/ptm/m/n/10 ,
 []

[38]
Overfull \hbox (166.79994pt too wide) in paragraph at lines 2131--2132
\T1/ptm/m/n/10 Gen-er-ated in-ter-nally by [][][]\T1/zi4/m/n/10 select_spatial_
predictors_sequential()[][][] []\T1/ptm/m/n/10 or [][][]\T1/zi4/m/n/10 select_s
patial_predictors_recursive()[][][][]\T1/ptm/m/n/10 .
 []

[39]
LaTeX Font Info:    Font shape `TS1/zi4/m/n' will be
(Font)              scaled to size 10.0pt on input line 2145.
Package textcomp Info: Symbol \texttwosuperior not provided by
(textcomp)             font family zi4 in TS1 encoding.
(textcomp)             Default family used instead on input line 2156.
LaTeX Font Info:    Trying to load font information for T1+cmtt on input line 2
156.
 (/usr/share/texlive/texmf-dist/tex/latex/base/t1cmtt.fd
File: t1cmtt.fd 2023/04/13 v2.5m Standard LaTeX font definitions
)
LaTeX Font Info:    Trying to load font information for TS1+cmtt on input line 
2156.

(/usr/share/texlive/texmf-dist/tex/latex/base/ts1cmtt.fd
File: ts1cmtt.fd 2023/04/13 v2.5m Standard LaTeX font definitions
)
Overfull \hbox (118.25891pt too wide) in paragraph at lines 2158--2159
[]\T1/ptm/m/n/10 where all com-po-nents are rescaled to the range 0 to 1, []\T1
/zi4/m/n/10 w1 []\T1/ptm/m/n/10 = []\T1/zi4/m/n/10 weight.r.squared[]\T1/ptm/m/
n/10 , and []\T1/zi4/m/n/10 w2 []\T1/ptm/m/n/10 = []\T1/zi4/m/n/10 weight.penal
ization.n.predictors[]\T1/ptm/m/n/10 . 
 []

Package textcomp Info: Symbol \texttwosuperior not provided by
(textcomp)             font family zi4 in TS1 encoding.
(textcomp)             Default family used instead on input line 2162.

Overfull \hbox (23.82092pt too wide) in paragraph at lines 2183--2184
[][][]\T1/zi4/m/n/10 select_spatial_predictors_recursive()[][][][]\T1/ptm/m/n/1
0 , [][][]\T1/zi4/m/n/10 select_spatial_predictors_sequential()[][][][]\T1/ptm/
m/n/10 , [][][]\T1/zi4/m/n/10 moran()[][][] 
 []


Overfull \hbox (65.61981pt too wide) in paragraph at lines 2185--2198
[]\T1/ptm/m/n/10 Other util-i-ties: [][][]\T1/zi4/m/n/10 .vif_to_df[][][]()[]\T
1/ptm/m/n/10 , [][][]\T1/zi4/m/n/10 auc[][][]()[]\T1/ptm/m/n/10 , [][][]\T1/zi4
/m/n/10 beowulf_cluster[][][]()[]\T1/ptm/m/n/10 , [][][]\T1/zi4/m/n/10 objects_
size[][][]()[]\T1/ptm/m/n/10 , [][][]\T1/zi4/m/n/10 prepare_importance_spatial[
][][]()[]\T1/ptm/m/n/10 ,
 []


Overfull \hbox (35.84094pt too wide) in paragraph at lines 2185--2198
[][][]\T1/zi4/m/n/10 rescale_vector[][][]()[]\T1/ptm/m/n/10 , [][][]\T1/zi4/m/n
/10 root_mean_squared_error[][][]()[]\T1/ptm/m/n/10 , [][][]\T1/zi4/m/n/10 setu
p_parallel_execution[][][]()[]\T1/ptm/m/n/10 , [][][]\T1/zi4/m/n/10 standard_er
ror[][][]()[]\T1/ptm/m/n/10 ,
 []

[40{/usr/share/texmf/fonts/enc/dvips/cm-super/cm-super-ts1.enc}]
Overfull \hbox (22.98753pt too wide) in paragraph at lines 2241--2242
\T1/ptm/m/n/10 zero-variance re-moval. Re-turns all prin-ci-pal com-po-nents as
 a data frame. Wrap-per for [][][]\T1/zi4/m/n/10 stats::prcomp()[][][][]\T1/ptm
/m/n/10 . 
 []


Overfull \hbox (28.82803pt too wide) in paragraph at lines 2254--2255
[]\T1/ptm/m/n/10 Character string used as pre-fix for col-umn names in the out-
put. De-fault: []\T1/zi4/m/n/10 "pca_factor"[]\T1/ptm/m/n/10 . 
 []

[41]
Overfull \hbox (9.41951pt too wide) in paragraph at lines 2284--2296
[]\T1/ptm/m/n/10 Other spa-tial_analysis: [][][]\T1/zi4/m/n/10 filter_spatial_p
redictors[][][]()[]\T1/ptm/m/n/10 , [][][]\T1/zi4/m/n/10 mem[][][]()[]\T1/ptm/m
/n/10 , [][][]\T1/zi4/m/n/10 mem_multithreshold[][][]()[]\T1/ptm/m/n/10 , [][][
]\T1/zi4/m/n/10 moran[][][]()[]\T1/ptm/m/n/10 ,
 []


Overfull \hbox (70.84094pt too wide) in paragraph at lines 2284--2296
[][][]\T1/zi4/m/n/10 moran_multithreshold[][][]()[]\T1/ptm/m/n/10 , [][][]\T1/z
i4/m/n/10 pca_multithreshold[][][]()[]\T1/ptm/m/n/10 , [][][]\T1/zi4/m/n/10 ran
k_spatial_predictors[][][]()[]\T1/ptm/m/n/10 , [][][]\T1/zi4/m/n/10 residuals_d
iagnostics[][][]()[]\T1/ptm/m/n/10 ,
 []


Overfull \hbox (68.82092pt too wide) in paragraph at lines 2284--2296
[][][]\T1/zi4/m/n/10 residuals_test[][][]()[]\T1/ptm/m/n/10 , [][][]\T1/zi4/m/n
/10 select_spatial_predictors_recursive[][][]()[]\T1/ptm/m/n/10 , [][][]\T1/zi4
/m/n/10 select_spatial_predictors_sequential[][][]() 
 []

[42]
Overfull \hbox (5.25905pt too wide) in paragraph at lines 2342--2343
\T1/ptm/m/n/10 scale. If []\T1/zi4/m/n/10 NULL[]\T1/ptm/m/n/10 , au-to-mat-i-ca
lly com-puted with [][][]\T1/zi4/m/n/10 default_distance_thresholds()[][][][]\T
1/ptm/m/n/10 .
 []


Overfull \hbox (56.2283pt too wide) in paragraph at lines 2344--2345
\T1/ptm/m/n/10 tal num-ber of gen-er-ated pre-dic-tors ex-ceeds this value, onl
y the first []\T1/zi4/m/n/10 max.spatial.predictors
 []

[43]
Overfull \hbox (38.34094pt too wide) in paragraph at lines 2383--2384
[][][]\T1/zi4/m/n/10 pca()[][][][]\T1/ptm/m/n/10 , [][][]\T1/zi4/m/n/10 mem_mul
tithreshold()[][][][]\T1/ptm/m/n/10 , [][][]\T1/zi4/m/n/10 weights_from_distanc
e_matrix()[][][][]\T1/ptm/m/n/10 , [][][]\T1/zi4/m/n/10 default_distance_thresh
olds()[][][] 
 []


Overfull \hbox (9.41951pt too wide) in paragraph at lines 2385--2397
[]\T1/ptm/m/n/10 Other spa-tial_analysis: [][][]\T1/zi4/m/n/10 filter_spatial_p
redictors[][][]()[]\T1/ptm/m/n/10 , [][][]\T1/zi4/m/n/10 mem[][][]()[]\T1/ptm/m
/n/10 , [][][]\T1/zi4/m/n/10 mem_multithreshold[][][]()[]\T1/ptm/m/n/10 , [][][
]\T1/zi4/m/n/10 moran[][][]()[]\T1/ptm/m/n/10 ,
 []


Overfull \hbox (68.82092pt too wide) in paragraph at lines 2385--2397
[][][]\T1/zi4/m/n/10 residuals_test[][][]()[]\T1/ptm/m/n/10 , [][][]\T1/zi4/m/n
/10 select_spatial_predictors_recursive[][][]()[]\T1/ptm/m/n/10 , [][][]\T1/zi4
/m/n/10 select_spatial_predictors_sequential[][][]() 
 []

[44] [45]
Overfull \hbox (37.2704pt too wide) in paragraph at lines 2473--2480
[]\T1/ptm/m/n/10 Other data: [][][]\T1/zi4/m/n/10 plants_distance[][][][]\T1/pt
m/m/n/10 , [][][]\T1/zi4/m/n/10 plants_predictors[][][][]\T1/ptm/m/n/10 , [][][
]\T1/zi4/m/n/10 plants_response[][][][]\T1/ptm/m/n/10 , [][][]\T1/zi4/m/n/10 pl
ants_rf[][][][]\T1/ptm/m/n/10 , [][][]\T1/zi4/m/n/10 plants_rf_spatial[][][][]\
T1/ptm/m/n/10 ,
 []


Overfull \hbox (7.2704pt too wide) in paragraph at lines 2500--2507
[]\T1/ptm/m/n/10 Other data: [][][]\T1/zi4/m/n/10 plants_df[][][][]\T1/ptm/m/n/
10 , [][][]\T1/zi4/m/n/10 plants_predictors[][][][]\T1/ptm/m/n/10 , [][][]\T1/z
i4/m/n/10 plants_response[][][][]\T1/ptm/m/n/10 , [][][]\T1/zi4/m/n/10 plants_r
f[][][][]\T1/ptm/m/n/10 , [][][]\T1/zi4/m/n/10 plants_rf_spatial[][][][]\T1/ptm
/m/n/10 ,
 []

[46]
Overfull \hbox (14.98624pt too wide) in paragraph at lines 2540--2541
[]\T1/ptm/m/n/10 Character string con-tain-ing the name of the re-sponse vari-a
ble in [][]plants_df[][][]: "rich-ness_species_vascular". 
 []


Overfull \hbox (7.2704pt too wide) in paragraph at lines 2554--2561
[]\T1/ptm/m/n/10 Other data: [][][]\T1/zi4/m/n/10 plants_df[][][][]\T1/ptm/m/n/
10 , [][][]\T1/zi4/m/n/10 plants_distance[][][][]\T1/ptm/m/n/10 , [][][]\T1/zi4
/m/n/10 plants_predictors[][][][]\T1/ptm/m/n/10 , [][][]\T1/zi4/m/n/10 plants_r
f[][][][]\T1/ptm/m/n/10 , [][][]\T1/zi4/m/n/10 plants_rf_spatial[][][][]\T1/ptm
/m/n/10 ,
 []

[47]
Overfull \hbox (37.2704pt too wide) in paragraph at lines 2601--2608
[]\T1/ptm/m/n/10 Other data: [][][]\T1/zi4/m/n/10 plants_df[][][][]\T1/ptm/m/n/
10 , [][][]\T1/zi4/m/n/10 plants_distance[][][][]\T1/ptm/m/n/10 , [][][]\T1/zi4
/m/n/10 plants_predictors[][][][]\T1/ptm/m/n/10 , [][][]\T1/zi4/m/n/10 plants_r
esponse[][][][]\T1/ptm/m/n/10 , [][][]\T1/zi4/m/n/10 plants_rf_spatial[][][][]\
T1/ptm/m/n/10 ,
 []

[48] [49] [50]
Overfull \hbox (82.19978pt too wide) in paragraph at lines 2769--2779
[]\T1/ptm/m/n/10 Other vi-su-al-iza-tion: [][][]\T1/zi4/m/n/10 plot_importance[
][][]()[]\T1/ptm/m/n/10 , [][][]\T1/zi4/m/n/10 plot_moran[][][]()[]\T1/ptm/m/n/
10 , [][][]\T1/zi4/m/n/10 plot_optimization[][][]()[]\T1/ptm/m/n/10 , [][][]\T1
/zi4/m/n/10 plot_residuals_diagnostics[][][]()[]\T1/ptm/m/n/10 ,
 []


Overfull \hbox (55.84094pt too wide) in paragraph at lines 2769--2779
[][][]\T1/zi4/m/n/10 plot_response_curves[][][]()[]\T1/ptm/m/n/10 , [][][]\T1/z
i4/m/n/10 plot_response_surface[][][]()[]\T1/ptm/m/n/10 , [][][]\T1/zi4/m/n/10 
plot_training_df[][][]()[]\T1/ptm/m/n/10 , [][][]\T1/zi4/m/n/10 plot_training_d
f_moran[][][]()[]\T1/ptm/m/n/10 ,
 []

[51] [52]
Overfull \hbox (23.0597pt too wide) in paragraph at lines 2828--2828
 []  \T1/zi4/m/n/10 fill.color = viridis::viridis(100, option = "F", direction 
= -1, alpha = 1, end = 0.9),[] 
 []

[53]
Overfull \hbox (82.19978pt too wide) in paragraph at lines 2896--2906
[]\T1/ptm/m/n/10 Other vi-su-al-iza-tion: [][][]\T1/zi4/m/n/10 plot_evaluation[
][][]()[]\T1/ptm/m/n/10 , [][][]\T1/zi4/m/n/10 plot_moran[][][]()[]\T1/ptm/m/n/
10 , [][][]\T1/zi4/m/n/10 plot_optimization[][][]()[]\T1/ptm/m/n/10 , [][][]\T1
/zi4/m/n/10 plot_residuals_diagnostics[][][]()[]\T1/ptm/m/n/10 ,
 []


Overfull \hbox (55.84094pt too wide) in paragraph at lines 2896--2906
[][][]\T1/zi4/m/n/10 plot_response_curves[][][]()[]\T1/ptm/m/n/10 , [][][]\T1/z
i4/m/n/10 plot_response_surface[][][]()[]\T1/ptm/m/n/10 , [][][]\T1/zi4/m/n/10 
plot_training_df[][][]()[]\T1/ptm/m/n/10 , [][][]\T1/zi4/m/n/10 plot_training_d
f_moran[][][]()[]\T1/ptm/m/n/10 ,
 []

[54]
Overfull \hbox (4.12888pt too wide) in paragraph at lines 2949--2950
\T1/ptm/m/n/10 vec-tor with hex-adec-i-mal codes (e.g. "#440154FF" "#21908CFF" 
"#FDE725FF"),
 []


Overfull \hbox (81.38896pt too wide) in paragraph at lines 2949--2950
\T1/ptm/m/n/10 or func-tion gen-er-at-ing a palette (e.g. []\T1/zi4/m/n/10 viri
dis::viridis(100)[]\T1/ptm/m/n/10 ). De-fault: []\T1/zi4/m/n/10 viridis::viridi
s(100,
 []


Overfull \hbox (107.19978pt too wide) in paragraph at lines 2968--2978
[]\T1/ptm/m/n/10 Other vi-su-al-iza-tion: [][][]\T1/zi4/m/n/10 plot_evaluation[
][][]()[]\T1/ptm/m/n/10 , [][][]\T1/zi4/m/n/10 plot_importance[][][]()[]\T1/ptm
/m/n/10 , [][][]\T1/zi4/m/n/10 plot_optimization[][][]()[]\T1/ptm/m/n/10 , [][]
[]\T1/zi4/m/n/10 plot_residuals_diagnostics[][][]()[]\T1/ptm/m/n/10 ,
 []


Overfull \hbox (55.84094pt too wide) in paragraph at lines 2968--2978
[][][]\T1/zi4/m/n/10 plot_response_curves[][][]()[]\T1/ptm/m/n/10 , [][][]\T1/z
i4/m/n/10 plot_response_surface[][][]()[]\T1/ptm/m/n/10 , [][][]\T1/zi4/m/n/10 
plot_training_df[][][]()[]\T1/ptm/m/n/10 , [][][]\T1/zi4/m/n/10 plot_training_d
f_moran[][][]()[]\T1/ptm/m/n/10 ,
 []

[55]
Overfull \hbox (83.5809pt too wide) in paragraph at lines 3015--3016
\T1/ptm/m/n/10 by [][][]\T1/zi4/m/n/10 select_spatial_predictors_sequential()[]
[][] []\T1/ptm/m/n/10 or [][][]\T1/zi4/m/n/10 select_spatial_predictors_recursi
ve()[][][][]\T1/ptm/m/n/10 . 
 []


Overfull \hbox (4.12888pt too wide) in paragraph at lines 3017--3018
\T1/ptm/m/n/10 vec-tor with hex-adec-i-mal codes (e.g. "#440154FF" "#21908CFF" 
"#FDE725FF"),
 []


Overfull \hbox (81.38896pt too wide) in paragraph at lines 3017--3018
\T1/ptm/m/n/10 or func-tion gen-er-at-ing a palette (e.g. []\T1/zi4/m/n/10 viri
dis::viridis(100)[]\T1/ptm/m/n/10 ). De-fault: []\T1/zi4/m/n/10 viridis::viridi
s(100,
 []


Overfull \hbox (72.19978pt too wide) in paragraph at lines 3040--3050
[]\T1/ptm/m/n/10 Other vi-su-al-iza-tion: [][][]\T1/zi4/m/n/10 plot_evaluation[
][][]()[]\T1/ptm/m/n/10 , [][][]\T1/zi4/m/n/10 plot_importance[][][]()[]\T1/ptm
/m/n/10 , [][][]\T1/zi4/m/n/10 plot_moran[][][]()[]\T1/ptm/m/n/10 , [][][]\T1/z
i4/m/n/10 plot_residuals_diagnostics[][][]()[]\T1/ptm/m/n/10 ,
 []


Overfull \hbox (55.84094pt too wide) in paragraph at lines 3040--3050
[][][]\T1/zi4/m/n/10 plot_response_curves[][][]()[]\T1/ptm/m/n/10 , [][][]\T1/z
i4/m/n/10 plot_response_surface[][][]()[]\T1/ptm/m/n/10 , [][][]\T1/zi4/m/n/10 
plot_training_df[][][]()[]\T1/ptm/m/n/10 , [][][]\T1/zi4/m/n/10 plot_training_d
f_moran[][][]()[]\T1/ptm/m/n/10 ,
 []

[56]
Overfull \hbox (4.12888pt too wide) in paragraph at lines 3086--3087
\T1/ptm/m/n/10 vec-tor with hex-adec-i-mal codes (e.g. "#440154FF" "#21908CFF" 
"#FDE725FF"),
 []


Overfull \hbox (81.38896pt too wide) in paragraph at lines 3086--3087
\T1/ptm/m/n/10 or func-tion gen-er-at-ing a palette (e.g. []\T1/zi4/m/n/10 viri
dis::viridis(100)[]\T1/ptm/m/n/10 ). De-fault: []\T1/zi4/m/n/10 viridis::viridi
s(100,
 []


Overfull \hbox (7.00914pt too wide) in paragraph at lines 3090--3091
[]\T1/ptm/m/n/10 Character string, fill color of the bars pro-duced by []\T1/zi
4/m/n/10 ggplot2::geom_histogram()[]\T1/ptm/m/n/10 .
 []

[57]
Overfull \hbox (1.29855pt too wide) in paragraph at lines 3094--3095
[]\T1/ptm/m/n/10 (argument of [][][]\T1/zi4/m/n/10 plot_moran()[][][][]\T1/ptm/
m/n/10 ) Num-ber of columns of the Moran's I plot if []\T1/zi4/m/n/10 option
 []


Overfull \hbox (27.19978pt too wide) in paragraph at lines 3105--3115
[]\T1/ptm/m/n/10 Other vi-su-al-iza-tion: [][][]\T1/zi4/m/n/10 plot_evaluation[
][][]()[]\T1/ptm/m/n/10 , [][][]\T1/zi4/m/n/10 plot_importance[][][]()[]\T1/ptm
/m/n/10 , [][][]\T1/zi4/m/n/10 plot_moran[][][]()[]\T1/ptm/m/n/10 , [][][]\T1/z
i4/m/n/10 plot_optimization[][][]()[]\T1/ptm/m/n/10 ,
 []


Overfull \hbox (55.84094pt too wide) in paragraph at lines 3105--3115
[][][]\T1/zi4/m/n/10 plot_response_curves[][][]()[]\T1/ptm/m/n/10 , [][][]\T1/z
i4/m/n/10 plot_response_surface[][][]()[]\T1/ptm/m/n/10 , [][][]\T1/zi4/m/n/10 
plot_training_df[][][]()[]\T1/ptm/m/n/10 , [][][]\T1/zi4/m/n/10 plot_training_d
f_moran[][][]()[]\T1/ptm/m/n/10 ,
 []

[58]
Overfull \hbox (27.19978pt too wide) in paragraph at lines 3179--3189
[]\T1/ptm/m/n/10 Other vi-su-al-iza-tion: [][][]\T1/zi4/m/n/10 plot_evaluation[
][][]()[]\T1/ptm/m/n/10 , [][][]\T1/zi4/m/n/10 plot_importance[][][]()[]\T1/ptm
/m/n/10 , [][][]\T1/zi4/m/n/10 plot_moran[][][]()[]\T1/ptm/m/n/10 , [][][]\T1/z
i4/m/n/10 plot_optimization[][][]()[]\T1/ptm/m/n/10 ,
 []


Overfull \hbox (85.84094pt too wide) in paragraph at lines 3179--3189
[][][]\T1/zi4/m/n/10 plot_residuals_diagnostics[][][]()[]\T1/ptm/m/n/10 , [][][
]\T1/zi4/m/n/10 plot_response_surface[][][]()[]\T1/ptm/m/n/10 , [][][]\T1/zi4/m
/n/10 plot_training_df[][][]()[]\T1/ptm/m/n/10 , [][][]\T1/zi4/m/n/10 plot_trai
ning_df_moran[][][]()[]\T1/ptm/m/n/10 ,
 []

[59]
Overfull \hbox (44.89839pt too wide) in paragraph at lines 3249--3250
[]\T1/ptm/m/n/10 Character vec-tor with hex-adec-i-mal codes (e.g. "#440154FF" 
"#21908CFF" "#FDE725FF"),
 []


Overfull \hbox (81.38896pt too wide) in paragraph at lines 3249--3250
\T1/ptm/m/n/10 or func-tion gen-er-at-ing a palette (e.g. []\T1/zi4/m/n/10 viri
dis::viridis(100)[]\T1/ptm/m/n/10 ). De-fault: []\T1/zi4/m/n/10 viridis::viridi
s(100,
 []

[60]
Overfull \hbox (18.3078pt too wide) in paragraph at lines 3258--3259
\T1/ptm/m/n/10 to plot the re-sponse sur-faces. The out-put list can be plot-te
d all at once with []\T1/zi4/m/n/10 patchwork::wrap_plots(p)
 []


Overfull \hbox (27.19978pt too wide) in paragraph at lines 3268--3278
[]\T1/ptm/m/n/10 Other vi-su-al-iza-tion: [][][]\T1/zi4/m/n/10 plot_evaluation[
][][]()[]\T1/ptm/m/n/10 , [][][]\T1/zi4/m/n/10 plot_importance[][][]()[]\T1/ptm
/m/n/10 , [][][]\T1/zi4/m/n/10 plot_moran[][][]()[]\T1/ptm/m/n/10 , [][][]\T1/z
i4/m/n/10 plot_optimization[][][]()[]\T1/ptm/m/n/10 ,
 []


Overfull \hbox (80.84094pt too wide) in paragraph at lines 3268--3278
[][][]\T1/zi4/m/n/10 plot_residuals_diagnostics[][][]()[]\T1/ptm/m/n/10 , [][][
]\T1/zi4/m/n/10 plot_response_curves[][][]()[]\T1/ptm/m/n/10 , [][][]\T1/zi4/m/
n/10 plot_training_df[][][]()[]\T1/ptm/m/n/10 , [][][]\T1/zi4/m/n/10 plot_train
ing_df_moran[][][]()[]\T1/ptm/m/n/10 ,
 []

[61]
Overfull \hbox (4.12888pt too wide) in paragraph at lines 3327--3328
\T1/ptm/m/n/10 vec-tor with hex-adec-i-mal codes (e.g. "#440154FF" "#21908CFF" 
"#FDE725FF"),
 []


Overfull \hbox (81.38896pt too wide) in paragraph at lines 3327--3328
\T1/ptm/m/n/10 or func-tion gen-er-at-ing a palette (e.g. []\T1/zi4/m/n/10 viri
dis::viridis(100)[]\T1/ptm/m/n/10 ). De-fault: []\T1/zi4/m/n/10 viridis::viridi
s(100,
 []


Overfull \hbox (27.19978pt too wide) in paragraph at lines 3338--3348
[]\T1/ptm/m/n/10 Other vi-su-al-iza-tion: [][][]\T1/zi4/m/n/10 plot_evaluation[
][][]()[]\T1/ptm/m/n/10 , [][][]\T1/zi4/m/n/10 plot_importance[][][]()[]\T1/ptm
/m/n/10 , [][][]\T1/zi4/m/n/10 plot_moran[][][]()[]\T1/ptm/m/n/10 , [][][]\T1/z
i4/m/n/10 plot_optimization[][][]()[]\T1/ptm/m/n/10 ,
 []


Overfull \hbox (105.84094pt too wide) in paragraph at lines 3338--3348
[][][]\T1/zi4/m/n/10 plot_residuals_diagnostics[][][]()[]\T1/ptm/m/n/10 , [][][
]\T1/zi4/m/n/10 plot_response_curves[][][]()[]\T1/ptm/m/n/10 , [][][]\T1/zi4/m/
n/10 plot_response_surface[][][]()[]\T1/ptm/m/n/10 , [][][]\T1/zi4/m/n/10 plot_
training_df_moran[][][]()[]\T1/ptm/m/n/10 ,
 []

[62] [63]
Overfull \hbox (44.89839pt too wide) in paragraph at lines 3400--3401
[]\T1/ptm/m/n/10 Character vec-tor with hex-adec-i-mal codes (e.g. "#440154FF" 
"#21908CFF" "#FDE725FF"),
 []


Overfull \hbox (81.38896pt too wide) in paragraph at lines 3400--3401
\T1/ptm/m/n/10 or func-tion gen-er-at-ing a palette (e.g. []\T1/zi4/m/n/10 viri
dis::viridis(100)[]\T1/ptm/m/n/10 ). De-fault: []\T1/zi4/m/n/10 viridis::viridi
s(100,
 []


Overfull \hbox (27.19978pt too wide) in paragraph at lines 3411--3421
[]\T1/ptm/m/n/10 Other vi-su-al-iza-tion: [][][]\T1/zi4/m/n/10 plot_evaluation[
][][]()[]\T1/ptm/m/n/10 , [][][]\T1/zi4/m/n/10 plot_importance[][][]()[]\T1/ptm
/m/n/10 , [][][]\T1/zi4/m/n/10 plot_moran[][][]()[]\T1/ptm/m/n/10 , [][][]\T1/z
i4/m/n/10 plot_optimization[][][]()[]\T1/ptm/m/n/10 ,
 []


Overfull \hbox (75.84094pt too wide) in paragraph at lines 3411--3421
[][][]\T1/zi4/m/n/10 plot_residuals_diagnostics[][][]()[]\T1/ptm/m/n/10 , [][][
]\T1/zi4/m/n/10 plot_response_curves[][][]()[]\T1/ptm/m/n/10 , [][][]\T1/zi4/m/
n/10 plot_response_surface[][][]()[]\T1/ptm/m/n/10 , [][][]\T1/zi4/m/n/10 plot_
training_df[][][]()[]\T1/ptm/m/n/10 ,
 []

[64]
Overfull \hbox (4.12888pt too wide) in paragraph at lines 3467--3468
\T1/ptm/m/n/10 vec-tor with hex-adec-i-mal codes (e.g. "#440154FF" "#21908CFF" 
"#FDE725FF"),
 []


Overfull \hbox (81.38896pt too wide) in paragraph at lines 3467--3468
\T1/ptm/m/n/10 or func-tion gen-er-at-ing a palette (e.g. []\T1/zi4/m/n/10 viri
dis::viridis(100)[]\T1/ptm/m/n/10 ). De-fault: []\T1/zi4/m/n/10 viridis::viridi
s(100,
 []


Overfull \hbox (27.19978pt too wide) in paragraph at lines 3480--3490
[]\T1/ptm/m/n/10 Other vi-su-al-iza-tion: [][][]\T1/zi4/m/n/10 plot_evaluation[
][][]()[]\T1/ptm/m/n/10 , [][][]\T1/zi4/m/n/10 plot_importance[][][]()[]\T1/ptm
/m/n/10 , [][][]\T1/zi4/m/n/10 plot_moran[][][]()[]\T1/ptm/m/n/10 , [][][]\T1/z
i4/m/n/10 plot_optimization[][][]()[]\T1/ptm/m/n/10 ,
 []


Overfull \hbox (75.84094pt too wide) in paragraph at lines 3480--3490
[][][]\T1/zi4/m/n/10 plot_residuals_diagnostics[][][]()[]\T1/ptm/m/n/10 , [][][
]\T1/zi4/m/n/10 plot_response_curves[][][]()[]\T1/ptm/m/n/10 , [][][]\T1/zi4/m/
n/10 plot_response_surface[][][]()[]\T1/ptm/m/n/10 , [][][]\T1/zi4/m/n/10 plot_
training_df[][][]()[]\T1/ptm/m/n/10 ,
 []

[65]
Overfull \hbox (27.14777pt too wide) in paragraph at lines 3531--3532
[]\T1/ptm/m/n/10 An im-por-tance data frame with spa-tial pre-dic-tors, or a mo
del fit-ted with [][][]\T1/zi4/m/n/10 rf_spatial()[][][][]\T1/ptm/m/n/10 . 
 []


Overfull \hbox (40.61981pt too wide) in paragraph at lines 3540--3553
[]\T1/ptm/m/n/10 Other util-i-ties: [][][]\T1/zi4/m/n/10 .vif_to_df[][][]()[]\T
1/ptm/m/n/10 , [][][]\T1/zi4/m/n/10 auc[][][]()[]\T1/ptm/m/n/10 , [][][]\T1/zi4
/m/n/10 beowulf_cluster[][][]()[]\T1/ptm/m/n/10 , [][][]\T1/zi4/m/n/10 objects_
size[][][]()[]\T1/ptm/m/n/10 , [][][]\T1/zi4/m/n/10 optimization_function[][][]
()[]\T1/ptm/m/n/10 ,
 []


Overfull \hbox (35.84094pt too wide) in paragraph at lines 3540--3553
[][][]\T1/zi4/m/n/10 rescale_vector[][][]()[]\T1/ptm/m/n/10 , [][][]\T1/zi4/m/n
/10 root_mean_squared_error[][][]()[]\T1/ptm/m/n/10 , [][][]\T1/zi4/m/n/10 setu
p_parallel_execution[][][]()[]\T1/ptm/m/n/10 , [][][]\T1/zi4/m/n/10 standard_er
ror[][][]()[]\T1/ptm/m/n/10 ,
 []

[66]
Overfull \hbox (22.20018pt too wide) in paragraph at lines 3594--3608
[]\T1/ptm/m/n/10 Other model_info: [][][]\T1/zi4/m/n/10 get_evaluation[][][]()[
]\T1/ptm/m/n/10 , [][][]\T1/zi4/m/n/10 get_importance[][][]()[]\T1/ptm/m/n/10 ,
 [][][]\T1/zi4/m/n/10 get_importance_local[][][]()[]\T1/ptm/m/n/10 , [][][]\T1/
zi4/m/n/10 get_moran[][][]()[]\T1/ptm/m/n/10 ,
 []


Overfull \hbox (95.36096pt too wide) in paragraph at lines 3594--3608
[][][]\T1/zi4/m/n/10 get_performance[][][]()[]\T1/ptm/m/n/10 , [][][]\T1/zi4/m/
n/10 get_predictions[][][]()[]\T1/ptm/m/n/10 , [][][]\T1/zi4/m/n/10 get_residua
ls[][][]()[]\T1/ptm/m/n/10 , [][][]\T1/zi4/m/n/10 get_response_curves[][][]()[]
\T1/ptm/m/n/10 , [][][]\T1/zi4/m/n/10 get_spatial_predictors[][][]()[]\T1/ptm/m
/n/10 ,
 []

[67]
Overfull \hbox (22.20018pt too wide) in paragraph at lines 3648--3662
[]\T1/ptm/m/n/10 Other model_info: [][][]\T1/zi4/m/n/10 get_evaluation[][][]()[
]\T1/ptm/m/n/10 , [][][]\T1/zi4/m/n/10 get_importance[][][]()[]\T1/ptm/m/n/10 ,
 [][][]\T1/zi4/m/n/10 get_importance_local[][][]()[]\T1/ptm/m/n/10 , [][][]\T1/
zi4/m/n/10 get_moran[][][]()[]\T1/ptm/m/n/10 ,
 []


Overfull \hbox (95.36096pt too wide) in paragraph at lines 3648--3662
[][][]\T1/zi4/m/n/10 get_performance[][][]()[]\T1/ptm/m/n/10 , [][][]\T1/zi4/m/
n/10 get_predictions[][][]()[]\T1/ptm/m/n/10 , [][][]\T1/zi4/m/n/10 get_residua
ls[][][]()[]\T1/ptm/m/n/10 , [][][]\T1/zi4/m/n/10 get_response_curves[][][]()[]
\T1/ptm/m/n/10 , [][][]\T1/zi4/m/n/10 get_spatial_predictors[][][]()[]\T1/ptm/m
/n/10 ,
 []

[68]
Overfull \hbox (22.20018pt too wide) in paragraph at lines 3718--3732
[]\T1/ptm/m/n/10 Other model_info: [][][]\T1/zi4/m/n/10 get_evaluation[][][]()[
]\T1/ptm/m/n/10 , [][][]\T1/zi4/m/n/10 get_importance[][][]()[]\T1/ptm/m/n/10 ,
 [][][]\T1/zi4/m/n/10 get_importance_local[][][]()[]\T1/ptm/m/n/10 , [][][]\T1/
zi4/m/n/10 get_moran[][][]()[]\T1/ptm/m/n/10 ,
 []


Overfull \hbox (95.36096pt too wide) in paragraph at lines 3718--3732
[][][]\T1/zi4/m/n/10 get_performance[][][]()[]\T1/ptm/m/n/10 , [][][]\T1/zi4/m/
n/10 get_predictions[][][]()[]\T1/ptm/m/n/10 , [][][]\T1/zi4/m/n/10 get_residua
ls[][][]()[]\T1/ptm/m/n/10 , [][][]\T1/zi4/m/n/10 get_response_curves[][][]()[]
\T1/ptm/m/n/10 , [][][]\T1/zi4/m/n/10 get_spatial_predictors[][][]()[]\T1/ptm/m
/n/10 ,
 []

[69]
Overfull \hbox (22.20018pt too wide) in paragraph at lines 3777--3791
[]\T1/ptm/m/n/10 Other model_info: [][][]\T1/zi4/m/n/10 get_evaluation[][][]()[
]\T1/ptm/m/n/10 , [][][]\T1/zi4/m/n/10 get_importance[][][]()[]\T1/ptm/m/n/10 ,
 [][][]\T1/zi4/m/n/10 get_importance_local[][][]()[]\T1/ptm/m/n/10 , [][][]\T1/
zi4/m/n/10 get_moran[][][]()[]\T1/ptm/m/n/10 ,
 []


Overfull \hbox (95.36096pt too wide) in paragraph at lines 3777--3791
[][][]\T1/zi4/m/n/10 get_performance[][][]()[]\T1/ptm/m/n/10 , [][][]\T1/zi4/m/
n/10 get_predictions[][][]()[]\T1/ptm/m/n/10 , [][][]\T1/zi4/m/n/10 get_residua
ls[][][]()[]\T1/ptm/m/n/10 , [][][]\T1/zi4/m/n/10 get_response_curves[][][]()[]
\T1/ptm/m/n/10 , [][][]\T1/zi4/m/n/10 get_spatial_predictors[][][]()[]\T1/ptm/m
/n/10 ,
 []

[70]
Overfull \hbox (22.20018pt too wide) in paragraph at lines 3828--3842
[]\T1/ptm/m/n/10 Other model_info: [][][]\T1/zi4/m/n/10 get_evaluation[][][]()[
]\T1/ptm/m/n/10 , [][][]\T1/zi4/m/n/10 get_importance[][][]()[]\T1/ptm/m/n/10 ,
 [][][]\T1/zi4/m/n/10 get_importance_local[][][]()[]\T1/ptm/m/n/10 , [][][]\T1/
zi4/m/n/10 get_moran[][][]()[]\T1/ptm/m/n/10 ,
 []


Overfull \hbox (95.36096pt too wide) in paragraph at lines 3828--3842
[][][]\T1/zi4/m/n/10 get_performance[][][]()[]\T1/ptm/m/n/10 , [][][]\T1/zi4/m/
n/10 get_predictions[][][]()[]\T1/ptm/m/n/10 , [][][]\T1/zi4/m/n/10 get_residua
ls[][][]()[]\T1/ptm/m/n/10 , [][][]\T1/zi4/m/n/10 get_response_curves[][][]()[]
\T1/ptm/m/n/10 , [][][]\T1/zi4/m/n/10 get_spatial_predictors[][][]()[]\T1/ptm/m
/n/10 ,
 []

[71] [72]
Overfull \hbox (9.41951pt too wide) in paragraph at lines 3929--3941
[]\T1/ptm/m/n/10 Other spa-tial_analysis: [][][]\T1/zi4/m/n/10 filter_spatial_p
redictors[][][]()[]\T1/ptm/m/n/10 , [][][]\T1/zi4/m/n/10 mem[][][]()[]\T1/ptm/m
/n/10 , [][][]\T1/zi4/m/n/10 mem_multithreshold[][][]()[]\T1/ptm/m/n/10 , [][][
]\T1/zi4/m/n/10 moran[][][]()[]\T1/ptm/m/n/10 ,
 []


Overfull \hbox (55.36096pt too wide) in paragraph at lines 3929--3941
[][][]\T1/zi4/m/n/10 moran_multithreshold[][][]()[]\T1/ptm/m/n/10 , [][][]\T1/z
i4/m/n/10 pca[][][]()[]\T1/ptm/m/n/10 , [][][]\T1/zi4/m/n/10 pca_multithreshold
[][][]()[]\T1/ptm/m/n/10 , [][][]\T1/zi4/m/n/10 residuals_diagnostics[][][]()[]
\T1/ptm/m/n/10 , [][][]\T1/zi4/m/n/10 residuals_test[][][]()[]\T1/ptm/m/n/10 ,
 []

[73] [74]
Overfull \hbox (40.61981pt too wide) in paragraph at lines 4028--4041
[]\T1/ptm/m/n/10 Other util-i-ties: [][][]\T1/zi4/m/n/10 .vif_to_df[][][]()[]\T
1/ptm/m/n/10 , [][][]\T1/zi4/m/n/10 auc[][][]()[]\T1/ptm/m/n/10 , [][][]\T1/zi4
/m/n/10 beowulf_cluster[][][]()[]\T1/ptm/m/n/10 , [][][]\T1/zi4/m/n/10 objects_
size[][][]()[]\T1/ptm/m/n/10 , [][][]\T1/zi4/m/n/10 optimization_function[][][]
()[]\T1/ptm/m/n/10 ,
 []


Overfull \hbox (11.32092pt too wide) in paragraph at lines 4028--4041
[][][]\T1/zi4/m/n/10 prepare_importance_spatial[][][]()[]\T1/ptm/m/n/10 , [][][
]\T1/zi4/m/n/10 root_mean_squared_error[][][]()[]\T1/ptm/m/n/10 , [][][]\T1/zi4
/m/n/10 setup_parallel_execution[][][]()[]\T1/ptm/m/n/10 ,
 []

[75]
Overfull \hbox (9.41951pt too wide) in paragraph at lines 4098--4110
[]\T1/ptm/m/n/10 Other spa-tial_analysis: [][][]\T1/zi4/m/n/10 filter_spatial_p
redictors[][][]()[]\T1/ptm/m/n/10 , [][][]\T1/zi4/m/n/10 mem[][][]()[]\T1/ptm/m
/n/10 , [][][]\T1/zi4/m/n/10 mem_multithreshold[][][]()[]\T1/ptm/m/n/10 , [][][
]\T1/zi4/m/n/10 moran[][][]()[]\T1/ptm/m/n/10 ,
 []


Overfull \hbox (65.36096pt too wide) in paragraph at lines 4098--4110
[][][]\T1/zi4/m/n/10 moran_multithreshold[][][]()[]\T1/ptm/m/n/10 , [][][]\T1/z
i4/m/n/10 pca[][][]()[]\T1/ptm/m/n/10 , [][][]\T1/zi4/m/n/10 pca_multithreshold
[][][]()[]\T1/ptm/m/n/10 , [][][]\T1/zi4/m/n/10 rank_spatial_predictors[][][]()
[]\T1/ptm/m/n/10 , [][][]\T1/zi4/m/n/10 residuals_test[][][]()[]\T1/ptm/m/n/10 
,
 []

[76]
Overfull \hbox (9.41951pt too wide) in paragraph at lines 4158--4170
[]\T1/ptm/m/n/10 Other spa-tial_analysis: [][][]\T1/zi4/m/n/10 filter_spatial_p
redictors[][][]()[]\T1/ptm/m/n/10 , [][][]\T1/zi4/m/n/10 mem[][][]()[]\T1/ptm/m
/n/10 , [][][]\T1/zi4/m/n/10 mem_multithreshold[][][]()[]\T1/ptm/m/n/10 , [][][
]\T1/zi4/m/n/10 moran[][][]()[]\T1/ptm/m/n/10 ,
 []


Overfull \hbox (100.36096pt too wide) in paragraph at lines 4158--4170
[][][]\T1/zi4/m/n/10 moran_multithreshold[][][]()[]\T1/ptm/m/n/10 , [][][]\T1/z
i4/m/n/10 pca[][][]()[]\T1/ptm/m/n/10 , [][][]\T1/zi4/m/n/10 pca_multithreshold
[][][]()[]\T1/ptm/m/n/10 , [][][]\T1/zi4/m/n/10 rank_spatial_predictors[][][]()
[]\T1/ptm/m/n/10 , [][][]\T1/zi4/m/n/10 residuals_diagnostics[][][]()[]\T1/ptm/
m/n/10 ,
 []

[77]
Overfull \hbox (6.3478pt too wide) in paragraph at lines 4215--4216
\T1/ptm/m/n/10 each thresh-old, dis-tances be-low that value are set to zero wh
en com-put-ing Moran's
 []

[78]
Overfull \hbox (34.52766pt too wide) in paragraph at lines 4234--4235
[]\T1/ptm/m/n/10 See [][]ranger[][][] doc-u-men-ta-tion for ad-di-tional de-tai
ls. The []\T1/zi4/m/n/10 formula []\T1/ptm/m/n/10 in-ter-face is sup-ported via
 []\T1/zi4/m/n/10 ranger.arguments[]\T1/ptm/m/n/10 ,
 []

[79] [80]
Overfull \hbox (68.40997pt too wide) in paragraph at lines 4358--4359
\T1/zi4/m/n/10 pred)[]\T1/ptm/m/n/10 ), "rmse" ([]\T1/zi4/m/n/10 sqrt(sum((obs 
- pred)^2)/length(obs))[]\T1/ptm/m/n/10 ), "nrmse" ([]\T1/zi4/m/n/10 rmse/(quan
tile(obs,
 []


Overfull \hbox (26.2503pt too wide) in paragraph at lines 4358--4359
\T1/zi4/m/n/10 0.75) - quantile(obs, 0.25))[]\T1/ptm/m/n/10 ). De-fault: []\T1/
zi4/m/n/10 c("r.squared", "pseudo.r.squared",
 []

[81]
Overfull \hbox (44.89839pt too wide) in paragraph at lines 4366--4367
[]\T1/ptm/m/n/10 Character vec-tor with hex-adec-i-mal codes (e.g. "#440154FF" 
"#21908CFF" "#FDE725FF"),
 []


Overfull \hbox (81.38896pt too wide) in paragraph at lines 4366--4367
\T1/ptm/m/n/10 or func-tion gen-er-at-ing a palette (e.g. []\T1/zi4/m/n/10 viri
dis::viridis(100)[]\T1/ptm/m/n/10 ). De-fault: []\T1/zi4/m/n/10 viridis::viridi
s(100,
 []

[82]
Package textcomp Info: Symbol \textasciigrave not provided by
(textcomp)             font family zi4 in TS1 encoding.
(textcomp)             Default family used instead on input line 4415.
Package textcomp Info: Symbol \textasciigrave not provided by
(textcomp)             font family zi4 in TS1 encoding.
(textcomp)             Default family used instead on input line 4415.
 [83]
Overfull \hbox (68.40997pt too wide) in paragraph at lines 4465--4466
\T1/zi4/m/n/10 pred)[]\T1/ptm/m/n/10 ), "rmse" ([]\T1/zi4/m/n/10 sqrt(sum((obs 
- pred)^2)/length(obs))[]\T1/ptm/m/n/10 ), "nrmse" ([]\T1/zi4/m/n/10 rmse/(quan
tile(obs,
 []


Overfull \hbox (41.5379pt too wide) in paragraph at lines 4473--4474
\T1/ptm/m/n/10 tial struc-ture of the data as in-tact as pos-si-ble. How-ever, 
when set-ting []\T1/zi4/m/n/10 grow.testing.folds
 []

[84]
Overfull \hbox (0.68922pt too wide) in paragraph at lines 4486--4487
\T1/ptm/m/n/10 (stored in []\T1/zi4/m/n/10 model$ranger.arguments$data[]\T1/ptm
/m/n/10 ) are used as in-puts for the func-tion [][][]\T1/zi4/m/n/10 thinning_t
il_n()[][][][]\T1/ptm/m/n/10 ,
 []

[85]
Overfull \hbox (23.0597pt too wide) in paragraph at lines 4556--4556
 []  \T1/zi4/m/n/10 fill.color = viridis::viridis(100, option = "F", direction 
= -1, alpha = 1, end = 0.9),[] 
 []

[86]
Overfull \hbox (5.71956pt too wide) in paragraph at lines 4576--4577
\T1/ptm/m/n/10 "r.squared" ([]\T1/zi4/m/n/10 cor(obs, pred) ^ 2[]\T1/ptm/m/n/10
 ), "pseudo.r.squared" ([]\T1/zi4/m/n/10 cor(obs, pred)[]\T1/ptm/m/n/10 ), "rms
e"
 []


Overfull \hbox (6.06038pt too wide) in paragraph at lines 4576--4577
\T1/ptm/m/n/10 ([]\T1/zi4/m/n/10 sqrt(sum((obs - pred)^2)/length(obs))[]\T1/ptm
/m/n/10 ), "nrmse" ([]\T1/zi4/m/n/10 rmse/(quantile(obs,
 []


Overfull \hbox (44.89839pt too wide) in paragraph at lines 4584--4585
[]\T1/ptm/m/n/10 Character vec-tor with hex-adec-i-mal codes (e.g. "#440154FF" 
"#21908CFF" "#FDE725FF"),
 []


Overfull \hbox (81.38896pt too wide) in paragraph at lines 4584--4585
\T1/ptm/m/n/10 or func-tion gen-er-at-ing a palette (e.g. []\T1/zi4/m/n/10 viri
dis::viridis(100)[]\T1/ptm/m/n/10 ). De-fault: []\T1/zi4/m/n/10 viridis::viridi
s(100,
 []

[87] [88] [89] [90]
Overfull \hbox (19.76044pt too wide) in paragraph at lines 4759--4759
 []  \T1/zi4/m/n/10 method = c("mem.moran.sequential", "mem.effect.sequential",
 "mem.effect.recursive",[] 
 []

[91]
Overfull \hbox (16.53876pt too wide) in paragraph at lines 4776--4777
[]\T1/ptm/m/n/10 A model fit-ted with [][][]\T1/zi4/m/n/10 rf()[][][][]\T1/ptm/
m/n/10 . If used, the ar-gu-ments []\T1/zi4/m/n/10 data[]\T1/ptm/m/n/10 , []\T1
/zi4/m/n/10 dependent.variable.name[]\T1/ptm/m/n/10 ,
 []


Overfull \hbox (68.11093pt too wide) in paragraph at lines 4776--4777
[]\T1/zi4/m/n/10 predictor.variable.names[]\T1/ptm/m/n/10 , []\T1/zi4/m/n/10 di
stance.matrix[]\T1/ptm/m/n/10 , []\T1/zi4/m/n/10 distance.thresholds[]\T1/ptm/m
/n/10 , []\T1/zi4/m/n/10 ranger.arguments[]\T1/ptm/m/n/10 ,
 []

[92]
Overfull \hbox (0.80687pt too wide) in paragraph at lines 4828--4830
[]\T1/ptm/m/n/10 The func-tion uses three dif-fer-ent meth-ods to gen-er-ate sp
a-tial pre-dic-tors ("hengl", "pca", and "mem"),
 []

[93]
Overfull \hbox (60.88853pt too wide) in paragraph at lines 4854--4855
\T1/ptm/m/n/10 tial pre-dic-tors in-tro-duced (com-puted as \T1/zi4/m/n/10 (1 /
 total spatial predictors) * introduced spatial predictors\T1/ptm/m/n/10 )
 []


Overfull \hbox (480.20686pt too wide) in paragraph at lines 4854--4855
\T1/ptm/m/n/10 are rescaled be-tween 0 and 1. Then, the op-ti-miza-tion cri-te-
ria is com-puted as \T1/zi4/m/n/10 max(1 - Moran\TS1/zi4/m/n/10 '\T1/zi4/m/n/10
 s I, p-value binary) + (weight.r.squared * R-squared) - (weight.penalization.n
.predictors * penalization)\T1/ptm/m/n/10 .
 []

[94] [95] [96]
Overfull \hbox (109.79863pt too wide) in paragraph at lines 4960--4961
\T1/ptm/m/n/10 plete pool of pre-dic-tors on each tree split. De-fault: []\T1/z
i4/m/n/10 floor(seq(1, length(predictor.variable.names),
 []

[97] [98]
Overfull \hbox (40.61981pt too wide) in paragraph at lines 5064--5077
[]\T1/ptm/m/n/10 Other util-i-ties: [][][]\T1/zi4/m/n/10 .vif_to_df[][][]()[]\T
1/ptm/m/n/10 , [][][]\T1/zi4/m/n/10 auc[][][]()[]\T1/ptm/m/n/10 , [][][]\T1/zi4
/m/n/10 beowulf_cluster[][][]()[]\T1/ptm/m/n/10 , [][][]\T1/zi4/m/n/10 objects_
size[][][]()[]\T1/ptm/m/n/10 , [][][]\T1/zi4/m/n/10 optimization_function[][][]
()[]\T1/ptm/m/n/10 ,
 []


Overfull \hbox (50.84094pt too wide) in paragraph at lines 5064--5077
[][][]\T1/zi4/m/n/10 prepare_importance_spatial[][][]()[]\T1/ptm/m/n/10 , [][][
]\T1/zi4/m/n/10 rescale_vector[][][]()[]\T1/ptm/m/n/10 , [][][]\T1/zi4/m/n/10 s
etup_parallel_execution[][][]()[]\T1/ptm/m/n/10 , [][][]\T1/zi4/m/n/10 standard
_error[][][]()[]\T1/ptm/m/n/10 ,
 []

[99] [100]
Overfull \hbox (6.21886pt too wide) in paragraph at lines 5153--5154
\T1/ptm/m/n/10 spa-tial pre-dic-tors (sp1 to sp10, be-ing sp7 the best one), []
[][]\T1/zi4/m/n/10 select_spatial_predictors_recursive()[][][]
 []


Overfull \hbox (9.41951pt too wide) in paragraph at lines 5161--5173
[]\T1/ptm/m/n/10 Other spa-tial_analysis: [][][]\T1/zi4/m/n/10 filter_spatial_p
redictors[][][]()[]\T1/ptm/m/n/10 , [][][]\T1/zi4/m/n/10 mem[][][]()[]\T1/ptm/m
/n/10 , [][][]\T1/zi4/m/n/10 mem_multithreshold[][][]()[]\T1/ptm/m/n/10 , [][][
]\T1/zi4/m/n/10 moran[][][]()[]\T1/ptm/m/n/10 ,
 []


Overfull \hbox (100.36096pt too wide) in paragraph at lines 5161--5173
[][][]\T1/zi4/m/n/10 moran_multithreshold[][][]()[]\T1/ptm/m/n/10 , [][][]\T1/z
i4/m/n/10 pca[][][]()[]\T1/ptm/m/n/10 , [][][]\T1/zi4/m/n/10 pca_multithreshold
[][][]()[]\T1/ptm/m/n/10 , [][][]\T1/zi4/m/n/10 rank_spatial_predictors[][][]()
[]\T1/ptm/m/n/10 , [][][]\T1/zi4/m/n/10 residuals_diagnostics[][][]()[]\T1/ptm/
m/n/10 ,
 []

[101] [102] [103]
Overfull \hbox (9.41951pt too wide) in paragraph at lines 5295--5307
[]\T1/ptm/m/n/10 Other spa-tial_analysis: [][][]\T1/zi4/m/n/10 filter_spatial_p
redictors[][][]()[]\T1/ptm/m/n/10 , [][][]\T1/zi4/m/n/10 mem[][][]()[]\T1/ptm/m
/n/10 , [][][]\T1/zi4/m/n/10 mem_multithreshold[][][]()[]\T1/ptm/m/n/10 , [][][
]\T1/zi4/m/n/10 moran[][][]()[]\T1/ptm/m/n/10 ,
 []


Overfull \hbox (100.36096pt too wide) in paragraph at lines 5295--5307
[][][]\T1/zi4/m/n/10 moran_multithreshold[][][]()[]\T1/ptm/m/n/10 , [][][]\T1/z
i4/m/n/10 pca[][][]()[]\T1/ptm/m/n/10 , [][][]\T1/zi4/m/n/10 pca_multithreshold
[][][]()[]\T1/ptm/m/n/10 , [][][]\T1/zi4/m/n/10 rank_spatial_predictors[][][]()
[]\T1/ptm/m/n/10 , [][][]\T1/zi4/m/n/10 residuals_diagnostics[][][]()[]\T1/ptm/
m/n/10 ,
 []

[104] [105]
Overfull \hbox (40.61981pt too wide) in paragraph at lines 5398--5411
[]\T1/ptm/m/n/10 Other util-i-ties: [][][]\T1/zi4/m/n/10 .vif_to_df[][][]()[]\T
1/ptm/m/n/10 , [][][]\T1/zi4/m/n/10 auc[][][]()[]\T1/ptm/m/n/10 , [][][]\T1/zi4
/m/n/10 beowulf_cluster[][][]()[]\T1/ptm/m/n/10 , [][][]\T1/zi4/m/n/10 objects_
size[][][]()[]\T1/ptm/m/n/10 , [][][]\T1/zi4/m/n/10 optimization_function[][][]
()[]\T1/ptm/m/n/10 ,
 []


Overfull \hbox (45.84094pt too wide) in paragraph at lines 5398--5411
[][][]\T1/zi4/m/n/10 prepare_importance_spatial[][][]()[]\T1/ptm/m/n/10 , [][][
]\T1/zi4/m/n/10 rescale_vector[][][]()[]\T1/ptm/m/n/10 , [][][]\T1/zi4/m/n/10 r
oot_mean_squared_error[][][]()[]\T1/ptm/m/n/10 , [][][]\T1/zi4/m/n/10 standard_
error[][][]()[]\T1/ptm/m/n/10 ,
 []


Overfull \hbox (40.61981pt too wide) in paragraph at lines 5440--5453
[]\T1/ptm/m/n/10 Other util-i-ties: [][][]\T1/zi4/m/n/10 .vif_to_df[][][]()[]\T
1/ptm/m/n/10 , [][][]\T1/zi4/m/n/10 auc[][][]()[]\T1/ptm/m/n/10 , [][][]\T1/zi4
/m/n/10 beowulf_cluster[][][]()[]\T1/ptm/m/n/10 , [][][]\T1/zi4/m/n/10 objects_
size[][][]()[]\T1/ptm/m/n/10 , [][][]\T1/zi4/m/n/10 optimization_function[][][]
()[]\T1/ptm/m/n/10 ,
 []


Overfull \hbox (95.84094pt too wide) in paragraph at lines 5440--5453
[][][]\T1/zi4/m/n/10 prepare_importance_spatial[][][]()[]\T1/ptm/m/n/10 , [][][
]\T1/zi4/m/n/10 rescale_vector[][][]()[]\T1/ptm/m/n/10 , [][][]\T1/zi4/m/n/10 r
oot_mean_squared_error[][][]()[]\T1/ptm/m/n/10 , [][][]\T1/zi4/m/n/10 setup_par
allel_execution[][][]()[]\T1/ptm/m/n/10 ,
 []

[106]
Overfull \hbox (40.61981pt too wide) in paragraph at lines 5486--5499
[]\T1/ptm/m/n/10 Other util-i-ties: [][][]\T1/zi4/m/n/10 .vif_to_df[][][]()[]\T
1/ptm/m/n/10 , [][][]\T1/zi4/m/n/10 auc[][][]()[]\T1/ptm/m/n/10 , [][][]\T1/zi4
/m/n/10 beowulf_cluster[][][]()[]\T1/ptm/m/n/10 , [][][]\T1/zi4/m/n/10 objects_
size[][][]()[]\T1/ptm/m/n/10 , [][][]\T1/zi4/m/n/10 optimization_function[][][]
()[]\T1/ptm/m/n/10 ,
 []


Overfull \hbox (95.84094pt too wide) in paragraph at lines 5486--5499
[][][]\T1/zi4/m/n/10 prepare_importance_spatial[][][]()[]\T1/ptm/m/n/10 , [][][
]\T1/zi4/m/n/10 rescale_vector[][][]()[]\T1/ptm/m/n/10 , [][][]\T1/zi4/m/n/10 r
oot_mean_squared_error[][][]()[]\T1/ptm/m/n/10 , [][][]\T1/zi4/m/n/10 setup_par
allel_execution[][][]()[]\T1/ptm/m/n/10 ,
 []

[107] [108]
Overfull \hbox (31.8488pt too wide) in paragraph at lines 5562--5563
\T1/ptm/m/n/10 ac-tions, and be-tween any in-ter-ac-tion and the pre-dic-tors i
n []\T1/zi4/m/n/10 predictor.variable.names[]\T1/ptm/m/n/10 .
 []


Overfull \hbox (4.12888pt too wide) in paragraph at lines 5564--5565
\T1/ptm/m/n/10 vec-tor with hex-adec-i-mal codes (e.g. "#440154FF" "#21908CFF" 
"#FDE725FF"),
 []


Overfull \hbox (81.38896pt too wide) in paragraph at lines 5564--5565
\T1/ptm/m/n/10 or func-tion gen-er-at-ing a palette (e.g. []\T1/zi4/m/n/10 viri
dis::viridis(100)[]\T1/ptm/m/n/10 ). De-fault: []\T1/zi4/m/n/10 viridis::viridi
s(100,
 []

[109]
Overfull \hbox (21.63002pt too wide) in paragraph at lines 5593--5603
[]\T1/ptm/m/n/10 Other pre-pro-cess-ing: [][][]\T1/zi4/m/n/10 auto_cor[][][]()[
]\T1/ptm/m/n/10 , [][][]\T1/zi4/m/n/10 auto_vif[][][]()[]\T1/ptm/m/n/10 , [][][
]\T1/zi4/m/n/10 case_weights[][][]()[]\T1/ptm/m/n/10 , [][][]\T1/zi4/m/n/10 def
ault_distance_thresholds[][][]()[]\T1/ptm/m/n/10 ,
 []


Overfull \hbox (25.84094pt too wide) in paragraph at lines 5593--5603
[][][]\T1/zi4/m/n/10 double_center_distance_matrix[][][]()[]\T1/ptm/m/n/10 , []
[][]\T1/zi4/m/n/10 is_binary[][][]()[]\T1/ptm/m/n/10 , [][][]\T1/zi4/m/n/10 mak
e_spatial_fold[][][]()[]\T1/ptm/m/n/10 , [][][]\T1/zi4/m/n/10 make_spatial_fold
s[][][]()[]\T1/ptm/m/n/10 ,
 []

[110]
Overfull \hbox (40.61981pt too wide) in paragraph at lines 5683--5696
[]\T1/ptm/m/n/10 Other util-i-ties: [][][]\T1/zi4/m/n/10 .vif_to_df[][][]()[]\T
1/ptm/m/n/10 , [][][]\T1/zi4/m/n/10 auc[][][]()[]\T1/ptm/m/n/10 , [][][]\T1/zi4
/m/n/10 beowulf_cluster[][][]()[]\T1/ptm/m/n/10 , [][][]\T1/zi4/m/n/10 objects_
size[][][]()[]\T1/ptm/m/n/10 , [][][]\T1/zi4/m/n/10 optimization_function[][][]
()[]\T1/ptm/m/n/10 ,
 []


Overfull \hbox (95.84094pt too wide) in paragraph at lines 5683--5696
[][][]\T1/zi4/m/n/10 prepare_importance_spatial[][][]()[]\T1/ptm/m/n/10 , [][][
]\T1/zi4/m/n/10 rescale_vector[][][]()[]\T1/ptm/m/n/10 , [][][]\T1/zi4/m/n/10 r
oot_mean_squared_error[][][]()[]\T1/ptm/m/n/10 , [][][]\T1/zi4/m/n/10 setup_par
allel_execution[][][]()[]\T1/ptm/m/n/10 ,
 []

[111] [112]
Overfull \hbox (40.61981pt too wide) in paragraph at lines 5758--5771
[]\T1/ptm/m/n/10 Other util-i-ties: [][][]\T1/zi4/m/n/10 .vif_to_df[][][]()[]\T
1/ptm/m/n/10 , [][][]\T1/zi4/m/n/10 auc[][][]()[]\T1/ptm/m/n/10 , [][][]\T1/zi4
/m/n/10 beowulf_cluster[][][]()[]\T1/ptm/m/n/10 , [][][]\T1/zi4/m/n/10 objects_
size[][][]()[]\T1/ptm/m/n/10 , [][][]\T1/zi4/m/n/10 optimization_function[][][]
()[]\T1/ptm/m/n/10 ,
 []


Overfull \hbox (95.84094pt too wide) in paragraph at lines 5758--5771
[][][]\T1/zi4/m/n/10 prepare_importance_spatial[][][]()[]\T1/ptm/m/n/10 , [][][
]\T1/zi4/m/n/10 rescale_vector[][][]()[]\T1/ptm/m/n/10 , [][][]\T1/zi4/m/n/10 r
oot_mean_squared_error[][][]()[]\T1/ptm/m/n/10 , [][][]\T1/zi4/m/n/10 setup_par
allel_execution[][][]()[]\T1/ptm/m/n/10 ,
 []

[113]
Overfull \hbox (21.63002pt too wide) in paragraph at lines 5829--5839
[]\T1/ptm/m/n/10 Other pre-pro-cess-ing: [][][]\T1/zi4/m/n/10 auto_cor[][][]()[
]\T1/ptm/m/n/10 , [][][]\T1/zi4/m/n/10 auto_vif[][][]()[]\T1/ptm/m/n/10 , [][][
]\T1/zi4/m/n/10 case_weights[][][]()[]\T1/ptm/m/n/10 , [][][]\T1/zi4/m/n/10 def
ault_distance_thresholds[][][]()[]\T1/ptm/m/n/10 ,
 []


Overfull \hbox (25.84094pt too wide) in paragraph at lines 5829--5839
[][][]\T1/zi4/m/n/10 double_center_distance_matrix[][][]()[]\T1/ptm/m/n/10 , []
[][]\T1/zi4/m/n/10 is_binary[][][]()[]\T1/ptm/m/n/10 , [][][]\T1/zi4/m/n/10 mak
e_spatial_fold[][][]()[]\T1/ptm/m/n/10 , [][][]\T1/zi4/m/n/10 make_spatial_fold
s[][][]()[]\T1/ptm/m/n/10 ,
 []


Package hyperref Warning: Glyph not defined in PU encoding,
(hyperref)                removing `\Rpercent' on input line 5854.


Package hyperref Warning: Glyph not defined in PU encoding,
(hyperref)                removing `\Rpercent' on input line 5854.

[114] (./Rd2.ind [115]
Overfull \hbox (8.3567pt too wide) in paragraph at lines 69--71
[]| \T1/zi4/m/n/10 select_spatial_predictors_recursive\T1/ptm/m/n/10 , 
 []


Overfull \hbox (13.3567pt too wide) in paragraph at lines 71--73
[]| \T1/zi4/m/n/10 select_spatial_predictors_sequential\T1/ptm/m/n/10 , 
 []

[116

] [117] [118]
Overfull \hbox (3.3567pt too wide) in paragraph at lines 767--772
[]\T1/zi4/m/n/10 select_spatial_predictors_sequential()\T1/ptm/m/n/10 , 
 []

[119

]) (./Rd2.aux)
 ***********
LaTeX2e <2023-11-01> patch level 1
L3 programming layer <2024-01-22>
 ***********
Package rerunfilecheck Info: File `Rd2.out' has not changed.
(rerunfilecheck)             Checksum: F1402FD61E4CF6587BCEBBF7BAE2152C;10590.
 ) 
Here is how much of TeX's memory you used:
 11465 strings out of 476182
 172158 string characters out of 5795596
 1951975 words of memory out of 5000000
 32453 multiletter control sequences out of 15000+600000
 593734 words of font info for 85 fonts, out of 8000000 for 9000
 14 hyphenation exceptions out of 8191
 92i,6n,95p,1095b,737s stack positions out of 10000i,1000n,20000p,200000b,200000s

pdfTeX warning (dest): name{Rfn.scale} has been referenced but does not exist, 
replaced by a fixed one


pdfTeX warning (dest): name{Rfn.plot.Rul.annotation} has been referenced but do
es not exist, replaced by a fixed one


pdfTeX warning (dest): name{Rfn.geom.Rul.abline} has been referenced but does n
ot exist, replaced by a fixed one


pdfTeX warning (dest): name{Rfn.geom.Rul.freqpoly} has been referenced but does
 not exist, replaced by a fixed one


pdfTeX warning (dest): name{Rfn.labs} has been referenced but does not exist, r
eplaced by a fixed one


pdfTeX warning (dest): name{Rfn.ggtheme} has been referenced but does not exist
, replaced by a fixed one


pdfTeX warning (dest): name{Rfn.geom.Rul.qq.Rul.line} has been referenced but d
oes not exist, replaced by a fixed one


pdfTeX warning (dest): name{Rfn.aes} has been referenced but does not exist, re
placed by a fixed one


pdfTeX warning (dest): name{Rfn.ggplot} has been referenced but does not exist,
 replaced by a fixed one


pdfTeX warning (dest): name{Rfn.shapiro.test} has been referenced but does not 
exist, replaced by a fixed one


pdfTeX warning (dest): name{Rfn.ranger} has been referenced but does not exist,
 replaced by a fixed one


pdfTeX warning (dest): name{Rfn.huxtable} has been referenced but does not exis
t, replaced by a fixed one


pdfTeX warning (dest): name{Rfn.geom.Rul.smooth} has been referenced but does n
ot exist, replaced by a fixed one


pdfTeX warning (dest): name{Rfn.geom.Rul.point} has been referenced but does no
t exist, replaced by a fixed one


pdfTeX warning (dest): name{Rfn.quantile} has been referenced but does not exis
t, replaced by a fixed one


pdfTeX warning (dest): name{Rfn.wrap.Rul.plots} has been referenced but does no
t exist, replaced by a fixed one


pdfTeX warning (dest): name{Rfn.stats::prcomp\(\)} has been referenced but does
 not exist, replaced by a fixed one


pdfTeX warning (dest): name{Rfn.base::rm\(\)} has been referenced but does not 
exist, replaced by a fixed one


pdfTeX warning (dest): name{Rfn.base::ls\(\)} has been referenced but does not 
exist, replaced by a fixed one


pdfTeX warning (dest): name{Rfn.utils::object.size\(\)} has been referenced but
 does not exist, replaced by a fixed one


pdfTeX warning (dest): name{Rfn.I} has been referenced but does not exist, repl
aced by a fixed one


pdfTeX warning (dest): name{Rfn.base::eigen\(\)} has been referenced but does n
ot exist, replaced by a fixed one


pdfTeX warning (dest): name{Rfn.stats::predict\(\)} has been referenced but doe
s not exist, replaced by a fixed one


pdfTeX warning (dest): name{Rfn.seq} has been referenced but does not exist, re
placed by a fixed one


pdfTeX warning (dest): name{Rfn.parallel::makeCluster\(\)} has been referenced 
but does not exist, replaced by a fixed one


pdfTeX warning (dest): name{Rfn.parallel::stopCluster\(\)} has been referenced 
but does not exist, replaced by a fixed one


pdfTeX warning (dest): name{Rfn.doParallel::registerDoParallel\(\)} has been re
ferenced but does not exist, replaced by a fixed one


pdfTeX warning (dest): name{Rfn.na.omit} has been referenced but does not exist
, replaced by a fixed one

</usr/share/texlive/texmf-dist/fonts/type1/public/inconsolata/Inconsolata-zi4r.
pfb></usr/share/texlive/texmf-dist/fonts/type1/public/amsfonts/cm/cmsy10.pfb></
usr/share/texmf/fonts/type1/public/cm-super/sftt0900.pfb></usr/share/texmf/font
s/type1/public/cm-super/sftt1000.pfb></usr/share/texlive/texmf-dist/fonts/type1
/urw/times/utmb8a.pfb></usr/share/texlive/texmf-dist/fonts/type1/urw/times/utmr
8a.pfb></usr/share/texlive/texmf-dist/fonts/type1/urw/times/utmr8a.pfb></usr/sh
are/texlive/texmf-dist/fonts/type1/urw/times/utmri8a.pfb>
Output written on Rd2.pdf (119 pages, 413200 bytes).
PDF statistics:
 3936 PDF objects out of 4296 (max. 8388607)
 3760 compressed objects within 38 object streams
 820 named destinations out of 1000 (max. 500000)
 601 words of extra memory for PDF output out of 10000 (max. 10000000)

